Barth vs Daniel/Lucas
[[0. 0. 0. 0. 0. 0. 0.]
 [0. 0. 0. 0. 0. 0. 0.]
 [0. 0. 0. 0. 0. 0. 0.]
 [0. 0. 0. 0. 0. 0. 0.]
 [0. 0. 0. 0. 0. 0. 0.]
 [0. 0. 1. 0. 0. 0. 0.]]


[[0. 0. 0. 0. 0. 0. 0.]
 [0. 0. 0. 0. 0. 0. 0.]
 [0. 0. 0. 0. 0. 0. 0.]
 [0. 0. 0. 0. 0. 0. 0.]
 [0. 0. 2. 0. 0. 0. 0.]
 [0. 0. 1. 0. 0. 0. 0.]]


[[0. 0. 0. 0. 0. 0. 0.]
 [0. 0. 0. 0. 0. 0. 0.]
 [0. 0. 0. 0. 0. 0. 0.]
 [0. 0. 0. 0. 0. 0. 0.]
 [0. 0. 2. 0. 0. 0. 0.]
 [0. 0. 1. 0. 1. 0. 0.]]


[[0. 0. 0. 0. 0. 0. 0.]
 [0. 0. 0. 0. 0. 0. 0.]
 [0. 0. 0. 0. 0. 0. 0.]
 [0. 0. 0. 0. 0. 0. 0.]
 [0. 0. 2. 0. 0. 0. 0.]
 [0. 0. 1. 2. 1. 0. 0.]]


[[0. 0. 0. 0. 0. 0. 0.]
 [0. 0. 0. 0. 0. 0. 0.]
 [0. 0. 0. 0. 0. 0. 0.]
 [0. 0. 0. 0. 0. 0. 0.]
 [0. 0. 2. 0. 1. 0. 0.]
 [0. 0. 1. 2. 1. 0. 0.]]


[[0. 0. 0. 0. 0. 0. 0.]
 [0. 0. 0. 0. 0. 0. 0.]
 [0. 0. 0. 0. 0. 0. 0.]
 [0. 0. 0. 0. 2. 0. 0.]
 [0. 0. 2. 0. 1. 0. 0.]
 [0. 0. 1. 2. 1. 0. 0.]]


[[0. 0. 0. 0. 0. 0. 0.]
 [0. 0. 0. 0. 0. 0. 0.]
 [0. 0. 0. 0. 1. 0. 0.]
 [0. 0. 0. 0. 2. 0. 0.]
 [0. 0. 2. 0. 1. 0. 0.]
 [0. 0. 1. 2. 1. 0. 0.]]


[[0. 0. 0. 0. 0. 0. 0.]
 [0. 0. 0. 0. 0. 0. 0.]
 [0. 0. 0. 0. 1. 0. 0.]
 [0. 0. 0. 0. 2. 0. 0.]
 [0. 0. 2. 2. 1. 0. 0.]
 [0. 0. 1. 2. 1. 0. 0.]]


[[0. 0. 0. 0. 0. 0. 0.]
 [0. 0. 0. 0. 0. 0. 0.]
 [0. 0. 0. 0. 1. 0. 0.]
 [0. 0. 0. 0. 2. 0. 0.]
 [0. 0. 2. 2. 1. 0. 0.]
 [0. 0. 1. 2. 1. 1. 0.]]


[[0. 0. 0. 0. 0. 0. 0.]
 [0. 0. 0. 0. 0. 0. 0.]
 [0. 0. 0. 0. 1. 0. 0.]
 [0. 0. 0. 0. 2. 0. 0.]
 [0. 0. 2. 2. 1. 2. 0.]
 [0. 0. 1. 2. 1. 1. 0.]]


[[0. 0. 0. 0. 0. 0. 0.]
 [0. 0. 0. 0. 0. 0. 0.]
 [0. 0. 0. 0. 1. 0. 0.]
 [0. 0. 0. 1. 2. 0. 0.]
 [0. 0. 2. 2. 1. 2. 0.]
 [0. 0. 1. 2. 1. 1. 0.]]


[[0. 0. 0. 0. 0. 0. 0.]
 [0. 0. 0. 0. 0. 0. 0.]
 [0. 0. 0. 2. 1. 0. 0.]
 [0. 0. 0. 1. 2. 0. 0.]
 [0. 0. 2. 2. 1. 2. 0.]
 [0. 0. 1. 2. 1. 1. 0.]]


[[0. 0. 0. 0. 0. 0. 0.]
 [0. 0. 0. 0. 0. 0. 0.]
 [0. 0. 0. 2. 1. 0. 0.]
 [0. 0. 0. 1. 2. 0. 0.]
 [0. 0. 2. 2. 1. 2. 0.]
 [0. 0. 1. 2. 1. 1. 1.]]


[[0. 0. 0. 0. 0. 0. 0.]
 [0. 0. 0. 2. 0. 0. 0.]
 [0. 0. 0. 2. 1. 0. 0.]
 [0. 0. 0. 1. 2. 0. 0.]
 [0. 0. 2. 2. 1. 2. 0.]
 [0. 0. 1. 2. 1. 1. 1.]]


[[0. 0. 0. 0. 0. 0. 0.]
 [0. 0. 0. 2. 0. 0. 0.]
 [0. 0. 0. 2. 1. 0. 0.]
 [0. 0. 1. 1. 2. 0. 0.]
 [0. 0. 2. 2. 1. 2. 0.]
 [0. 0. 1. 2. 1. 1. 1.]]


[[0. 0. 0. 0. 0. 0. 0.]
 [0. 0. 0. 2. 0. 0. 0.]
 [0. 0. 2. 2. 1. 0. 0.]
 [0. 0. 1. 1. 2. 0. 0.]
 [0. 0. 2. 2. 1. 2. 0.]
 [0. 0. 1. 2. 1. 1. 1.]]


[[0. 0. 0. 0. 0. 0. 0.]
 [0. 0. 1. 2. 0. 0. 0.]
 [0. 0. 2. 2. 1. 0. 0.]
 [0. 0. 1. 1. 2. 0. 0.]
 [0. 0. 2. 2. 1. 2. 0.]
 [0. 0. 1. 2. 1. 1. 1.]]


[[0. 0. 0. 2. 0. 0. 0.]
 [0. 0. 1. 2. 0. 0. 0.]
 [0. 0. 2. 2. 1. 0. 0.]
 [0. 0. 1. 1. 2. 0. 0.]
 [0. 0. 2. 2. 1. 2. 0.]
 [0. 0. 1. 2. 1. 1. 1.]]


[[0. 0. 0. 2. 0. 0. 0.]
 [0. 0. 1. 2. 0. 0. 0.]
 [0. 0. 2. 2. 1. 0. 0.]
 [0. 0. 1. 1. 2. 0. 0.]
 [0. 0. 2. 2. 1. 2. 0.]
 [0. 1. 1. 2. 1. 1. 1.]]


[[0. 0. 2. 2. 0. 0. 0.]
 [0. 0. 1. 2. 0. 0. 0.]
 [0. 0. 2. 2. 1. 0. 0.]
 [0. 0. 1. 1. 2. 0. 0.]
 [0. 0. 2. 2. 1. 2. 0.]
 [0. 1. 1. 2. 1. 1. 1.]]


[[0. 0. 2. 2. 0. 0. 0.]
 [0. 0. 1. 2. 0. 0. 0.]
 [0. 0. 2. 2. 1. 0. 0.]
 [0. 0. 1. 1. 2. 0. 0.]
 [0. 1. 2. 2. 1. 2. 0.]
 [0. 1. 1. 2. 1. 1. 1.]]


[[0. 0. 2. 2. 0. 0. 0.]
 [0. 0. 1. 2. 0. 0. 0.]
 [0. 0. 2. 2. 1. 0. 0.]
 [0. 2. 1. 1. 2. 0. 0.]
 [0. 1. 2. 2. 1. 2. 0.]
 [0. 1. 1. 2. 1. 1. 1.]]


[[0. 0. 2. 2. 0. 0. 0.]
 [0. 0. 1. 2. 0. 0. 0.]
 [0. 0. 2. 2. 1. 0. 0.]
 [0. 2. 1. 1. 2. 0. 0.]
 [0. 1. 2. 2. 1. 2. 0.]
 [1. 1. 1. 2. 1. 1. 1.]]


[[0. 0. 2. 2. 0. 0. 0.]
 [0. 0. 1. 2. 0. 0. 0.]
 [0. 0. 2. 2. 1. 0. 0.]
 [0. 2. 1. 1. 2. 0. 0.]
 [2. 1. 2. 2. 1. 2. 0.]
 [1. 1. 1. 2. 1. 1. 1.]]


Player Daniel/Lucas is the winner!
Barth vs Cheddar Player
[[0. 0. 0. 0. 0. 0. 0.]
 [0. 0. 0. 0. 0. 0. 0.]
 [0. 0. 0. 0. 0. 0. 0.]
 [0. 0. 0. 0. 0. 0. 0.]
 [0. 0. 0. 0. 0. 0. 0.]
 [0. 0. 1. 0. 0. 0. 0.]]


[[0. 0. 0. 0. 0. 0. 0.]
 [0. 0. 0. 0. 0. 0. 0.]
 [0. 0. 0. 0. 0. 0. 0.]
 [0. 0. 0. 0. 0. 0. 0.]
 [0. 0. 0. 0. 0. 0. 0.]
 [0. 2. 1. 0. 0. 0. 0.]]


[[0. 0. 0. 0. 0. 0. 0.]
 [0. 0. 0. 0. 0. 0. 0.]
 [0. 0. 0. 0. 0. 0. 0.]
 [0. 0. 0. 0. 0. 0. 0.]
 [0. 0. 1. 0. 0. 0. 0.]
 [0. 2. 1. 0. 0. 0. 0.]]


[[0. 0. 0. 0. 0. 0. 0.]
 [0. 0. 0. 0. 0. 0. 0.]
 [0. 0. 0. 0. 0. 0. 0.]
 [0. 0. 0. 0. 0. 0. 0.]
 [0. 0. 1. 0. 0. 0. 0.]
 [0. 2. 1. 2. 0. 0. 0.]]


[[0. 0. 0. 0. 0. 0. 0.]
 [0. 0. 0. 0. 0. 0. 0.]
 [0. 0. 0. 0. 0. 0. 0.]
 [0. 0. 0. 0. 0. 0. 0.]
 [0. 0. 1. 1. 0. 0. 0.]
 [0. 2. 1. 2. 0. 0. 0.]]


[[0. 0. 0. 0. 0. 0. 0.]
 [0. 0. 0. 0. 0. 0. 0.]
 [0. 0. 0. 0. 0. 0. 0.]
 [0. 0. 0. 2. 0. 0. 0.]
 [0. 0. 1. 1. 0. 0. 0.]
 [0. 2. 1. 2. 0. 0. 0.]]


[[0. 0. 0. 0. 0. 0. 0.]
 [0. 0. 0. 0. 0. 0. 0.]
 [0. 0. 0. 0. 0. 0. 0.]
 [0. 0. 1. 2. 0. 0. 0.]
 [0. 0. 1. 1. 0. 0. 0.]
 [0. 2. 1. 2. 0. 0. 0.]]


[[0. 0. 0. 0. 0. 0. 0.]
 [0. 0. 0. 0. 0. 0. 0.]
 [0. 0. 0. 0. 0. 0. 0.]
 [0. 0. 1. 2. 0. 0. 0.]
 [0. 0. 1. 1. 0. 0. 0.]
 [2. 2. 1. 2. 0. 0. 0.]]


[[0. 0. 0. 0. 0. 0. 0.]
 [0. 0. 0. 0. 0. 0. 0.]
 [0. 0. 1. 0. 0. 0. 0.]
 [0. 0. 1. 2. 0. 0. 0.]
 [0. 0. 1. 1. 0. 0. 0.]
 [2. 2. 1. 2. 0. 0. 0.]]


Player Barth is the winner!
Barth vs Sushi
[[0. 0. 0. 0. 0. 0. 0.]
 [0. 0. 0. 0. 0. 0. 0.]
 [0. 0. 0. 0. 0. 0. 0.]
 [0. 0. 0. 0. 0. 0. 0.]
 [0. 0. 0. 0. 0. 0. 0.]
 [0. 0. 1. 0. 0. 0. 0.]]


[[0. 0. 0. 0. 0. 0. 0.]
 [0. 0. 0. 0. 0. 0. 0.]
 [0. 0. 0. 0. 0. 0. 0.]
 [0. 0. 0. 0. 0. 0. 0.]
 [0. 0. 0. 0. 0. 0. 0.]
 [0. 0. 1. 2. 0. 0. 0.]]


[[0. 0. 0. 0. 0. 0. 0.]
 [0. 0. 0. 0. 0. 0. 0.]
 [0. 0. 0. 0. 0. 0. 0.]
 [0. 0. 0. 0. 0. 0. 0.]
 [0. 0. 1. 0. 0. 0. 0.]
 [0. 0. 1. 2. 0. 0. 0.]]


[[0. 0. 0. 0. 0. 0. 0.]
 [0. 0. 0. 0. 0. 0. 0.]
 [0. 0. 0. 0. 0. 0. 0.]
 [0. 0. 0. 0. 0. 0. 0.]
 [0. 0. 1. 2. 0. 0. 0.]
 [0. 0. 1. 2. 0. 0. 0.]]


[[0. 0. 0. 0. 0. 0. 0.]
 [0. 0. 0. 0. 0. 0. 0.]
 [0. 0. 0. 0. 0. 0. 0.]
 [0. 0. 0. 1. 0. 0. 0.]
 [0. 0. 1. 2. 0. 0. 0.]
 [0. 0. 1. 2. 0. 0. 0.]]


[[0. 0. 0. 0. 0. 0. 0.]
 [0. 0. 0. 0. 0. 0. 0.]
 [0. 0. 0. 2. 0. 0. 0.]
 [0. 0. 0. 1. 0. 0. 0.]
 [0. 0. 1. 2. 0. 0. 0.]
 [0. 0. 1. 2. 0. 0. 0.]]


[[0. 0. 0. 0. 0. 0. 0.]
 [0. 0. 0. 0. 0. 0. 0.]
 [0. 0. 0. 2. 0. 0. 0.]
 [0. 0. 1. 1. 0. 0. 0.]
 [0. 0. 1. 2. 0. 0. 0.]
 [0. 0. 1. 2. 0. 0. 0.]]


[[0. 0. 0. 0. 0. 0. 0.]
 [0. 0. 0. 0. 0. 0. 0.]
 [0. 0. 2. 2. 0. 0. 0.]
 [0. 0. 1. 1. 0. 0. 0.]
 [0. 0. 1. 2. 0. 0. 0.]
 [0. 0. 1. 2. 0. 0. 0.]]


[[0. 0. 0. 0. 0. 0. 0.]
 [0. 0. 0. 0. 0. 0. 0.]
 [0. 0. 2. 2. 0. 0. 0.]
 [0. 0. 1. 1. 0. 0. 0.]
 [0. 0. 1. 2. 0. 0. 0.]
 [0. 1. 1. 2. 0. 0. 0.]]


[[0. 0. 0. 0. 0. 0. 0.]
 [0. 0. 0. 2. 0. 0. 0.]
 [0. 0. 2. 2. 0. 0. 0.]
 [0. 0. 1. 1. 0. 0. 0.]
 [0. 0. 1. 2. 0. 0. 0.]
 [0. 1. 1. 2. 0. 0. 0.]]


[[0. 0. 0. 0. 0. 0. 0.]
 [0. 0. 0. 2. 0. 0. 0.]
 [0. 0. 2. 2. 0. 0. 0.]
 [0. 0. 1. 1. 0. 0. 0.]
 [0. 1. 1. 2. 0. 0. 0.]
 [0. 1. 1. 2. 0. 0. 0.]]


[[0. 0. 0. 2. 0. 0. 0.]
 [0. 0. 0. 2. 0. 0. 0.]
 [0. 0. 2. 2. 0. 0. 0.]
 [0. 0. 1. 1. 0. 0. 0.]
 [0. 1. 1. 2. 0. 0. 0.]
 [0. 1. 1. 2. 0. 0. 0.]]


[[0. 0. 0. 2. 0. 0. 0.]
 [0. 0. 0. 2. 0. 0. 0.]
 [0. 0. 2. 2. 0. 0. 0.]
 [0. 1. 1. 1. 0. 0. 0.]
 [0. 1. 1. 2. 0. 0. 0.]
 [0. 1. 1. 2. 0. 0. 0.]]


[[0. 0. 0. 2. 0. 0. 0.]
 [0. 0. 0. 2. 0. 0. 0.]
 [0. 2. 2. 2. 0. 0. 0.]
 [0. 1. 1. 1. 0. 0. 0.]
 [0. 1. 1. 2. 0. 0. 0.]
 [0. 1. 1. 2. 0. 0. 0.]]


[[0. 0. 0. 2. 0. 0. 0.]
 [0. 0. 0. 2. 0. 0. 0.]
 [0. 2. 2. 2. 0. 0. 0.]
 [0. 1. 1. 1. 0. 0. 0.]
 [0. 1. 1. 2. 0. 0. 0.]
 [1. 1. 1. 2. 0. 0. 0.]]


[[0. 0. 0. 2. 0. 0. 0.]
 [0. 0. 2. 2. 0. 0. 0.]
 [0. 2. 2. 2. 0. 0. 0.]
 [0. 1. 1. 1. 0. 0. 0.]
 [0. 1. 1. 2. 0. 0. 0.]
 [1. 1. 1. 2. 0. 0. 0.]]


[[0. 0. 0. 2. 0. 0. 0.]
 [0. 0. 2. 2. 0. 0. 0.]
 [0. 2. 2. 2. 0. 0. 0.]
 [0. 1. 1. 1. 0. 0. 0.]
 [1. 1. 1. 2. 0. 0. 0.]
 [1. 1. 1. 2. 0. 0. 0.]]


[[0. 0. 0. 2. 0. 0. 0.]
 [0. 0. 2. 2. 0. 0. 0.]
 [0. 2. 2. 2. 0. 0. 0.]
 [2. 1. 1. 1. 0. 0. 0.]
 [1. 1. 1. 2. 0. 0. 0.]
 [1. 1. 1. 2. 0. 0. 0.]]


Player Sushi is the winner!
Barth vs Allan
[[0. 0. 0. 0. 0. 0. 0.]
 [0. 0. 0. 0. 0. 0. 0.]
 [0. 0. 0. 0. 0. 0. 0.]
 [0. 0. 0. 0. 0. 0. 0.]
 [0. 0. 0. 0. 0. 0. 0.]
 [0. 0. 1. 0. 0. 0. 0.]]


[[0. 0. 0. 0. 0. 0. 0.]
 [0. 0. 0. 0. 0. 0. 0.]
 [0. 0. 0. 0. 0. 0. 0.]
 [0. 0. 0. 0. 0. 0. 0.]
 [0. 0. 2. 0. 0. 0. 0.]
 [0. 0. 1. 0. 0. 0. 0.]]


[[0. 0. 0. 0. 0. 0. 0.]
 [0. 0. 0. 0. 0. 0. 0.]
 [0. 0. 0. 0. 0. 0. 0.]
 [0. 0. 0. 0. 0. 0. 0.]
 [0. 0. 2. 0. 0. 0. 0.]
 [0. 0. 1. 0. 1. 0. 0.]]


[[0. 0. 0. 0. 0. 0. 0.]
 [0. 0. 0. 0. 0. 0. 0.]
 [0. 0. 0. 0. 0. 0. 0.]
 [0. 0. 2. 0. 0. 0. 0.]
 [0. 0. 2. 0. 0. 0. 0.]
 [0. 0. 1. 0. 1. 0. 0.]]


[[0. 0. 0. 0. 0. 0. 0.]
 [0. 0. 0. 0. 0. 0. 0.]
 [0. 0. 0. 0. 0. 0. 0.]
 [0. 0. 2. 0. 0. 0. 0.]
 [0. 0. 2. 0. 0. 0. 0.]
 [0. 0. 1. 1. 1. 0. 0.]]


[[0. 0. 0. 0. 0. 0. 0.]
 [0. 0. 0. 0. 0. 0. 0.]
 [0. 0. 0. 0. 0. 0. 0.]
 [0. 0. 2. 0. 0. 0. 0.]
 [0. 0. 2. 0. 0. 0. 0.]
 [0. 2. 1. 1. 1. 0. 0.]]


[[0. 0. 0. 0. 0. 0. 0.]
 [0. 0. 0. 0. 0. 0. 0.]
 [0. 0. 0. 0. 0. 0. 0.]
 [0. 0. 2. 0. 0. 0. 0.]
 [0. 0. 2. 1. 0. 0. 0.]
 [0. 2. 1. 1. 1. 0. 0.]]


[[0. 0. 0. 0. 0. 0. 0.]
 [0. 0. 0. 0. 0. 0. 0.]
 [0. 0. 0. 0. 0. 0. 0.]
 [0. 0. 2. 0. 0. 0. 0.]
 [0. 0. 2. 1. 0. 0. 0.]
 [0. 2. 1. 1. 1. 2. 0.]]


[[0. 0. 0. 0. 0. 0. 0.]
 [0. 0. 0. 0. 0. 0. 0.]
 [0. 0. 0. 0. 0. 0. 0.]
 [0. 0. 2. 0. 0. 0. 0.]
 [0. 0. 2. 1. 1. 0. 0.]
 [0. 2. 1. 1. 1. 2. 0.]]


[[0. 0. 0. 0. 0. 0. 0.]
 [0. 0. 0. 0. 0. 0. 0.]
 [0. 0. 2. 0. 0. 0. 0.]
 [0. 0. 2. 0. 0. 0. 0.]
 [0. 0. 2. 1. 1. 0. 0.]
 [0. 2. 1. 1. 1. 2. 0.]]


[[0. 0. 0. 0. 0. 0. 0.]
 [0. 0. 1. 0. 0. 0. 0.]
 [0. 0. 2. 0. 0. 0. 0.]
 [0. 0. 2. 0. 0. 0. 0.]
 [0. 0. 2. 1. 1. 0. 0.]
 [0. 2. 1. 1. 1. 2. 0.]]


[[0. 0. 0. 0. 0. 0. 0.]
 [0. 0. 1. 0. 0. 0. 0.]
 [0. 0. 2. 0. 0. 0. 0.]
 [0. 0. 2. 0. 2. 0. 0.]
 [0. 0. 2. 1. 1. 0. 0.]
 [0. 2. 1. 1. 1. 2. 0.]]


[[0. 0. 0. 0. 0. 0. 0.]
 [0. 0. 1. 0. 0. 0. 0.]
 [0. 0. 2. 0. 0. 0. 0.]
 [0. 0. 2. 0. 2. 0. 0.]
 [0. 0. 2. 1. 1. 0. 0.]
 [1. 2. 1. 1. 1. 2. 0.]]


[[0. 0. 0. 0. 0. 0. 0.]
 [0. 0. 1. 0. 0. 0. 0.]
 [0. 0. 2. 0. 2. 0. 0.]
 [0. 0. 2. 0. 2. 0. 0.]
 [0. 0. 2. 1. 1. 0. 0.]
 [1. 2. 1. 1. 1. 2. 0.]]


[[0. 0. 0. 0. 0. 0. 0.]
 [0. 0. 1. 0. 0. 0. 0.]
 [0. 0. 2. 0. 2. 0. 0.]
 [0. 0. 2. 1. 2. 0. 0.]
 [0. 0. 2. 1. 1. 0. 0.]
 [1. 2. 1. 1. 1. 2. 0.]]


[[0. 0. 0. 0. 0. 0. 0.]
 [0. 0. 1. 0. 0. 0. 0.]
 [0. 0. 2. 2. 2. 0. 0.]
 [0. 0. 2. 1. 2. 0. 0.]
 [0. 0. 2. 1. 1. 0. 0.]
 [1. 2. 1. 1. 1. 2. 0.]]


[[0. 0. 0. 0. 0. 0. 0.]
 [0. 0. 1. 0. 0. 0. 0.]
 [0. 0. 2. 2. 2. 0. 0.]
 [0. 0. 2. 1. 2. 0. 0.]
 [0. 0. 2. 1. 1. 0. 0.]
 [1. 2. 1. 1. 1. 2. 1.]]


[[0. 0. 0. 0. 0. 0. 0.]
 [0. 0. 1. 0. 2. 0. 0.]
 [0. 0. 2. 2. 2. 0. 0.]
 [0. 0. 2. 1. 2. 0. 0.]
 [0. 0. 2. 1. 1. 0. 0.]
 [1. 2. 1. 1. 1. 2. 1.]]


[[0. 0. 0. 0. 0. 0. 0.]
 [0. 0. 1. 0. 2. 0. 0.]
 [0. 0. 2. 2. 2. 0. 0.]
 [0. 0. 2. 1. 2. 0. 0.]
 [0. 1. 2. 1. 1. 0. 0.]
 [1. 2. 1. 1. 1. 2. 1.]]


[[0. 0. 0. 0. 2. 0. 0.]
 [0. 0. 1. 0. 2. 0. 0.]
 [0. 0. 2. 2. 2. 0. 0.]
 [0. 0. 2. 1. 2. 0. 0.]
 [0. 1. 2. 1. 1. 0. 0.]
 [1. 2. 1. 1. 1. 2. 1.]]


Player Allan is the winner!
Barth vs Bru_Jose
[[0. 0. 0. 0. 0. 0. 0.]
 [0. 0. 0. 0. 0. 0. 0.]
 [0. 0. 0. 0. 0. 0. 0.]
 [0. 0. 0. 0. 0. 0. 0.]
 [0. 0. 0. 0. 0. 0. 0.]
 [0. 0. 1. 0. 0. 0. 0.]]


[[0. 0. 0. 0. 0. 0. 0.]
 [0. 0. 0. 0. 0. 0. 0.]
 [0. 0. 0. 0. 0. 0. 0.]
 [0. 0. 0. 0. 0. 0. 0.]
 [0. 0. 0. 0. 0. 0. 0.]
 [0. 0. 1. 2. 0. 0. 0.]]


[[0. 0. 0. 0. 0. 0. 0.]
 [0. 0. 0. 0. 0. 0. 0.]
 [0. 0. 0. 0. 0. 0. 0.]
 [0. 0. 0. 0. 0. 0. 0.]
 [0. 0. 1. 0. 0. 0. 0.]
 [0. 0. 1. 2. 0. 0. 0.]]


[[0. 0. 0. 0. 0. 0. 0.]
 [0. 0. 0. 0. 0. 0. 0.]
 [0. 0. 0. 0. 0. 0. 0.]
 [0. 0. 0. 0. 0. 0. 0.]
 [0. 0. 1. 2. 0. 0. 0.]
 [0. 0. 1. 2. 0. 0. 0.]]


[[0. 0. 0. 0. 0. 0. 0.]
 [0. 0. 0. 0. 0. 0. 0.]
 [0. 0. 0. 0. 0. 0. 0.]
 [0. 0. 0. 1. 0. 0. 0.]
 [0. 0. 1. 2. 0. 0. 0.]
 [0. 0. 1. 2. 0. 0. 0.]]


[[0. 0. 0. 0. 0. 0. 0.]
 [0. 0. 0. 0. 0. 0. 0.]
 [0. 0. 0. 0. 0. 0. 0.]
 [0. 0. 2. 1. 0. 0. 0.]
 [0. 0. 1. 2. 0. 0. 0.]
 [0. 0. 1. 2. 0. 0. 0.]]


[[0. 0. 0. 0. 0. 0. 0.]
 [0. 0. 0. 0. 0. 0. 0.]
 [0. 0. 0. 1. 0. 0. 0.]
 [0. 0. 2. 1. 0. 0. 0.]
 [0. 0. 1. 2. 0. 0. 0.]
 [0. 0. 1. 2. 0. 0. 0.]]


[[0. 0. 0. 0. 0. 0. 0.]
 [0. 0. 0. 0. 0. 0. 0.]
 [0. 0. 0. 1. 0. 0. 0.]
 [0. 0. 2. 1. 0. 0. 0.]
 [0. 0. 1. 2. 0. 0. 0.]
 [0. 0. 1. 2. 2. 0. 0.]]


[[0. 0. 0. 0. 0. 0. 0.]
 [0. 0. 0. 1. 0. 0. 0.]
 [0. 0. 0. 1. 0. 0. 0.]
 [0. 0. 2. 1. 0. 0. 0.]
 [0. 0. 1. 2. 0. 0. 0.]
 [0. 0. 1. 2. 2. 0. 0.]]


[[0. 0. 0. 0. 0. 0. 0.]
 [0. 0. 0. 1. 0. 0. 0.]
 [0. 0. 0. 1. 0. 0. 0.]
 [0. 0. 2. 1. 0. 0. 0.]
 [0. 0. 1. 2. 2. 0. 0.]
 [0. 0. 1. 2. 2. 0. 0.]]


[[0. 0. 0. 1. 0. 0. 0.]
 [0. 0. 0. 1. 0. 0. 0.]
 [0. 0. 0. 1. 0. 0. 0.]
 [0. 0. 2. 1. 0. 0. 0.]
 [0. 0. 1. 2. 2. 0. 0.]
 [0. 0. 1. 2. 2. 0. 0.]]


Player Barth is the winner!
Daniel/Lucas vs Cheddar Player
[[0. 0. 0. 0. 0. 0. 0.]
 [0. 0. 0. 0. 0. 0. 0.]
 [0. 0. 0. 0. 0. 0. 0.]
 [0. 0. 0. 0. 0. 0. 0.]
 [0. 0. 0. 0. 0. 0. 0.]
 [0. 0. 0. 1. 0. 0. 0.]]


[[0. 0. 0. 0. 0. 0. 0.]
 [0. 0. 0. 0. 0. 0. 0.]
 [0. 0. 0. 0. 0. 0. 0.]
 [0. 0. 0. 0. 0. 0. 0.]
 [0. 0. 0. 0. 0. 0. 0.]
 [0. 0. 2. 1. 0. 0. 0.]]


[[0. 0. 0. 0. 0. 0. 0.]
 [0. 0. 0. 0. 0. 0. 0.]
 [0. 0. 0. 0. 0. 0. 0.]
 [0. 0. 0. 0. 0. 0. 0.]
 [0. 0. 0. 1. 0. 0. 0.]
 [0. 0. 2. 1. 0. 0. 0.]]


[[0. 0. 0. 0. 0. 0. 0.]
 [0. 0. 0. 0. 0. 0. 0.]
 [0. 0. 0. 0. 0. 0. 0.]
 [0. 0. 0. 0. 0. 0. 0.]
 [0. 0. 0. 1. 0. 0. 0.]
 [0. 0. 2. 1. 2. 0. 0.]]


[[0. 0. 0. 0. 0. 0. 0.]
 [0. 0. 0. 0. 0. 0. 0.]
 [0. 0. 0. 0. 0. 0. 0.]
 [0. 0. 0. 0. 0. 0. 0.]
 [0. 0. 1. 1. 0. 0. 0.]
 [0. 0. 2. 1. 2. 0. 0.]]


[[0. 0. 0. 0. 0. 0. 0.]
 [0. 0. 0. 0. 0. 0. 0.]
 [0. 0. 0. 0. 0. 0. 0.]
 [0. 0. 0. 0. 0. 0. 0.]
 [0. 0. 1. 1. 0. 0. 0.]
 [2. 0. 2. 1. 2. 0. 0.]]


[[0. 0. 0. 0. 0. 0. 0.]
 [0. 0. 0. 0. 0. 0. 0.]
 [0. 0. 0. 0. 0. 0. 0.]
 [0. 0. 0. 1. 0. 0. 0.]
 [0. 0. 1. 1. 0. 0. 0.]
 [2. 0. 2. 1. 2. 0. 0.]]


[[0. 0. 0. 0. 0. 0. 0.]
 [0. 0. 0. 0. 0. 0. 0.]
 [0. 0. 0. 0. 0. 0. 0.]
 [0. 0. 0. 1. 0. 0. 0.]
 [2. 0. 1. 1. 0. 0. 0.]
 [2. 0. 2. 1. 2. 0. 0.]]


[[0. 0. 0. 0. 0. 0. 0.]
 [0. 0. 0. 0. 0. 0. 0.]
 [0. 0. 0. 1. 0. 0. 0.]
 [0. 0. 0. 1. 0. 0. 0.]
 [2. 0. 1. 1. 0. 0. 0.]
 [2. 0. 2. 1. 2. 0. 0.]]


Player Daniel/Lucas is the winner!
Daniel/Lucas vs Sushi
[[0. 0. 0. 0. 0. 0. 0.]
 [0. 0. 0. 0. 0. 0. 0.]
 [0. 0. 0. 0. 0. 0. 0.]
 [0. 0. 0. 0. 0. 0. 0.]
 [0. 0. 0. 0. 0. 0. 0.]
 [0. 0. 0. 1. 0. 0. 0.]]


[[0. 0. 0. 0. 0. 0. 0.]
 [0. 0. 0. 0. 0. 0. 0.]
 [0. 0. 0. 0. 0. 0. 0.]
 [0. 0. 0. 0. 0. 0. 0.]
 [0. 0. 0. 2. 0. 0. 0.]
 [0. 0. 0. 1. 0. 0. 0.]]


[[0. 0. 0. 0. 0. 0. 0.]
 [0. 0. 0. 0. 0. 0. 0.]
 [0. 0. 0. 0. 0. 0. 0.]
 [0. 0. 0. 1. 0. 0. 0.]
 [0. 0. 0. 2. 0. 0. 0.]
 [0. 0. 0. 1. 0. 0. 0.]]


[[0. 0. 0. 0. 0. 0. 0.]
 [0. 0. 0. 0. 0. 0. 0.]
 [0. 0. 0. 0. 0. 0. 0.]
 [0. 0. 0. 1. 0. 0. 0.]
 [0. 0. 0. 2. 0. 0. 0.]
 [0. 0. 2. 1. 0. 0. 0.]]


[[0. 0. 0. 0. 0. 0. 0.]
 [0. 0. 0. 0. 0. 0. 0.]
 [0. 0. 0. 1. 0. 0. 0.]
 [0. 0. 0. 1. 0. 0. 0.]
 [0. 0. 0. 2. 0. 0. 0.]
 [0. 0. 2. 1. 0. 0. 0.]]


[[0. 0. 0. 0. 0. 0. 0.]
 [0. 0. 0. 0. 0. 0. 0.]
 [0. 0. 0. 1. 0. 0. 0.]
 [0. 0. 0. 1. 0. 0. 0.]
 [0. 0. 0. 2. 0. 0. 0.]
 [0. 0. 2. 1. 2. 0. 0.]]


[[0. 0. 0. 0. 0. 0. 0.]
 [0. 0. 0. 0. 0. 0. 0.]
 [0. 0. 0. 1. 0. 0. 0.]
 [0. 0. 0. 1. 0. 0. 0.]
 [0. 0. 1. 2. 0. 0. 0.]
 [0. 0. 2. 1. 2. 0. 0.]]


[[0. 0. 0. 0. 0. 0. 0.]
 [0. 0. 0. 0. 0. 0. 0.]
 [0. 0. 0. 1. 0. 0. 0.]
 [0. 0. 0. 1. 0. 0. 0.]
 [0. 0. 1. 2. 0. 0. 0.]
 [2. 0. 2. 1. 2. 0. 0.]]


[[0. 0. 0. 0. 0. 0. 0.]
 [0. 0. 0. 0. 0. 0. 0.]
 [0. 0. 0. 1. 0. 0. 0.]
 [0. 0. 1. 1. 0. 0. 0.]
 [0. 0. 1. 2. 0. 0. 0.]
 [2. 0. 2. 1. 2. 0. 0.]]


[[0. 0. 0. 0. 0. 0. 0.]
 [0. 0. 0. 0. 0. 0. 0.]
 [0. 0. 0. 1. 0. 0. 0.]
 [0. 0. 1. 1. 0. 0. 0.]
 [0. 0. 1. 2. 2. 0. 0.]
 [2. 0. 2. 1. 2. 0. 0.]]


[[0. 0. 0. 0. 0. 0. 0.]
 [0. 0. 0. 1. 0. 0. 0.]
 [0. 0. 0. 1. 0. 0. 0.]
 [0. 0. 1. 1. 0. 0. 0.]
 [0. 0. 1. 2. 2. 0. 0.]
 [2. 0. 2. 1. 2. 0. 0.]]


[[0. 0. 0. 2. 0. 0. 0.]
 [0. 0. 0. 1. 0. 0. 0.]
 [0. 0. 0. 1. 0. 0. 0.]
 [0. 0. 1. 1. 0. 0. 0.]
 [0. 0. 1. 2. 2. 0. 0.]
 [2. 0. 2. 1. 2. 0. 0.]]


[[0. 0. 0. 2. 0. 0. 0.]
 [0. 0. 0. 1. 0. 0. 0.]
 [0. 0. 0. 1. 0. 0. 0.]
 [0. 0. 1. 1. 1. 0. 0.]
 [0. 0. 1. 2. 2. 0. 0.]
 [2. 0. 2. 1. 2. 0. 0.]]


[[0. 0. 0. 2. 0. 0. 0.]
 [0. 0. 0. 1. 0. 0. 0.]
 [0. 0. 0. 1. 2. 0. 0.]
 [0. 0. 1. 1. 1. 0. 0.]
 [0. 0. 1. 2. 2. 0. 0.]
 [2. 0. 2. 1. 2. 0. 0.]]


[[0. 0. 0. 2. 0. 0. 0.]
 [0. 0. 0. 1. 1. 0. 0.]
 [0. 0. 0. 1. 2. 0. 0.]
 [0. 0. 1. 1. 1. 0. 0.]
 [0. 0. 1. 2. 2. 0. 0.]
 [2. 0. 2. 1. 2. 0. 0.]]


[[0. 0. 0. 2. 2. 0. 0.]
 [0. 0. 0. 1. 1. 0. 0.]
 [0. 0. 0. 1. 2. 0. 0.]
 [0. 0. 1. 1. 1. 0. 0.]
 [0. 0. 1. 2. 2. 0. 0.]
 [2. 0. 2. 1. 2. 0. 0.]]


[[0. 0. 0. 2. 2. 0. 0.]
 [0. 0. 0. 1. 1. 0. 0.]
 [0. 0. 0. 1. 2. 0. 0.]
 [0. 0. 1. 1. 1. 0. 0.]
 [1. 0. 1. 2. 2. 0. 0.]
 [2. 0. 2. 1. 2. 0. 0.]]


[[0. 0. 0. 2. 2. 0. 0.]
 [0. 0. 0. 1. 1. 0. 0.]
 [0. 0. 0. 1. 2. 0. 0.]
 [0. 0. 1. 1. 1. 0. 0.]
 [1. 0. 1. 2. 2. 0. 0.]
 [2. 0. 2. 1. 2. 2. 0.]]


[[0. 0. 0. 2. 2. 0. 0.]
 [0. 0. 0. 1. 1. 0. 0.]
 [0. 0. 0. 1. 2. 0. 0.]
 [1. 0. 1. 1. 1. 0. 0.]
 [1. 0. 1. 2. 2. 0. 0.]
 [2. 0. 2. 1. 2. 2. 0.]]


[[0. 0. 0. 2. 2. 0. 0.]
 [0. 0. 0. 1. 1. 0. 0.]
 [0. 0. 0. 1. 2. 0. 0.]
 [1. 0. 1. 1. 1. 0. 0.]
 [1. 0. 1. 2. 2. 2. 0.]
 [2. 0. 2. 1. 2. 2. 0.]]


[[0. 0. 0. 2. 2. 0. 0.]
 [0. 0. 0. 1. 1. 0. 0.]
 [1. 0. 0. 1. 2. 0. 0.]
 [1. 0. 1. 1. 1. 0. 0.]
 [1. 0. 1. 2. 2. 2. 0.]
 [2. 0. 2. 1. 2. 2. 0.]]


[[0. 0. 0. 2. 2. 0. 0.]
 [2. 0. 0. 1. 1. 0. 0.]
 [1. 0. 0. 1. 2. 0. 0.]
 [1. 0. 1. 1. 1. 0. 0.]
 [1. 0. 1. 2. 2. 2. 0.]
 [2. 0. 2. 1. 2. 2. 0.]]


[[0. 0. 0. 2. 2. 0. 0.]
 [2. 0. 0. 1. 1. 0. 0.]
 [1. 0. 0. 1. 2. 0. 0.]
 [1. 0. 1. 1. 1. 0. 0.]
 [1. 0. 1. 2. 2. 2. 0.]
 [2. 1. 2. 1. 2. 2. 0.]]


[[0. 0. 0. 2. 2. 0. 0.]
 [2. 0. 0. 1. 1. 0. 0.]
 [1. 0. 0. 1. 2. 0. 0.]
 [1. 0. 1. 1. 1. 0. 0.]
 [1. 2. 1. 2. 2. 2. 0.]
 [2. 1. 2. 1. 2. 2. 0.]]


[[1. 0. 0. 2. 2. 0. 0.]
 [2. 0. 0. 1. 1. 0. 0.]
 [1. 0. 0. 1. 2. 0. 0.]
 [1. 0. 1. 1. 1. 0. 0.]
 [1. 2. 1. 2. 2. 2. 0.]
 [2. 1. 2. 1. 2. 2. 0.]]


[[1. 0. 0. 2. 2. 0. 0.]
 [2. 0. 0. 1. 1. 0. 0.]
 [1. 0. 0. 1. 2. 0. 0.]
 [1. 2. 1. 1. 1. 0. 0.]
 [1. 2. 1. 2. 2. 2. 0.]
 [2. 1. 2. 1. 2. 2. 0.]]


[[1. 0. 0. 2. 2. 0. 0.]
 [2. 0. 0. 1. 1. 0. 0.]
 [1. 1. 0. 1. 2. 0. 0.]
 [1. 2. 1. 1. 1. 0. 0.]
 [1. 2. 1. 2. 2. 2. 0.]
 [2. 1. 2. 1. 2. 2. 0.]]


[[1. 0. 0. 2. 2. 0. 0.]
 [2. 0. 0. 1. 1. 0. 0.]
 [1. 1. 2. 1. 2. 0. 0.]
 [1. 2. 1. 1. 1. 0. 0.]
 [1. 2. 1. 2. 2. 2. 0.]
 [2. 1. 2. 1. 2. 2. 0.]]


[[1. 0. 0. 2. 2. 0. 0.]
 [2. 1. 0. 1. 1. 0. 0.]
 [1. 1. 2. 1. 2. 0. 0.]
 [1. 2. 1. 1. 1. 0. 0.]
 [1. 2. 1. 2. 2. 2. 0.]
 [2. 1. 2. 1. 2. 2. 0.]]


[[1. 0. 0. 2. 2. 0. 0.]
 [2. 1. 2. 1. 1. 0. 0.]
 [1. 1. 2. 1. 2. 0. 0.]
 [1. 2. 1. 1. 1. 0. 0.]
 [1. 2. 1. 2. 2. 2. 0.]
 [2. 1. 2. 1. 2. 2. 0.]]


[[1. 0. 0. 2. 2. 0. 0.]
 [2. 1. 2. 1. 1. 0. 0.]
 [1. 1. 2. 1. 2. 0. 0.]
 [1. 2. 1. 1. 1. 1. 0.]
 [1. 2. 1. 2. 2. 2. 0.]
 [2. 1. 2. 1. 2. 2. 0.]]


Player Daniel/Lucas is the winner!
Daniel/Lucas vs Allan
[[0. 0. 0. 0. 0. 0. 0.]
 [0. 0. 0. 0. 0. 0. 0.]
 [0. 0. 0. 0. 0. 0. 0.]
 [0. 0. 0. 0. 0. 0. 0.]
 [0. 0. 0. 0. 0. 0. 0.]
 [0. 0. 0. 1. 0. 0. 0.]]


[[0. 0. 0. 0. 0. 0. 0.]
 [0. 0. 0. 0. 0. 0. 0.]
 [0. 0. 0. 0. 0. 0. 0.]
 [0. 0. 0. 0. 0. 0. 0.]
 [0. 0. 0. 0. 0. 0. 0.]
 [0. 0. 2. 1. 0. 0. 0.]]


[[0. 0. 0. 0. 0. 0. 0.]
 [0. 0. 0. 0. 0. 0. 0.]
 [0. 0. 0. 0. 0. 0. 0.]
 [0. 0. 0. 0. 0. 0. 0.]
 [0. 0. 0. 1. 0. 0. 0.]
 [0. 0. 2. 1. 0. 0. 0.]]


[[0. 0. 0. 0. 0. 0. 0.]
 [0. 0. 0. 0. 0. 0. 0.]
 [0. 0. 0. 0. 0. 0. 0.]
 [0. 0. 0. 0. 0. 0. 0.]
 [0. 0. 2. 1. 0. 0. 0.]
 [0. 0. 2. 1. 0. 0. 0.]]


[[0. 0. 0. 0. 0. 0. 0.]
 [0. 0. 0. 0. 0. 0. 0.]
 [0. 0. 0. 0. 0. 0. 0.]
 [0. 0. 0. 1. 0. 0. 0.]
 [0. 0. 2. 1. 0. 0. 0.]
 [0. 0. 2. 1. 0. 0. 0.]]


[[0. 0. 0. 0. 0. 0. 0.]
 [0. 0. 0. 0. 0. 0. 0.]
 [0. 0. 0. 2. 0. 0. 0.]
 [0. 0. 0. 1. 0. 0. 0.]
 [0. 0. 2. 1. 0. 0. 0.]
 [0. 0. 2. 1. 0. 0. 0.]]


[[0. 0. 0. 0. 0. 0. 0.]
 [0. 0. 0. 0. 0. 0. 0.]
 [0. 0. 0. 2. 0. 0. 0.]
 [0. 0. 1. 1. 0. 0. 0.]
 [0. 0. 2. 1. 0. 0. 0.]
 [0. 0. 2. 1. 0. 0. 0.]]


[[0. 0. 0. 0. 0. 0. 0.]
 [0. 0. 0. 0. 0. 0. 0.]
 [0. 0. 0. 2. 0. 0. 0.]
 [0. 0. 1. 1. 0. 0. 0.]
 [0. 0. 2. 1. 0. 0. 0.]
 [0. 2. 2. 1. 0. 0. 0.]]


[[0. 0. 0. 0. 0. 0. 0.]
 [0. 0. 0. 0. 0. 0. 0.]
 [0. 0. 1. 2. 0. 0. 0.]
 [0. 0. 1. 1. 0. 0. 0.]
 [0. 0. 2. 1. 0. 0. 0.]
 [0. 2. 2. 1. 0. 0. 0.]]


[[0. 0. 0. 0. 0. 0. 0.]
 [0. 0. 0. 0. 0. 0. 0.]
 [0. 0. 1. 2. 0. 0. 0.]
 [0. 0. 1. 1. 0. 0. 0.]
 [0. 2. 2. 1. 0. 0. 0.]
 [0. 2. 2. 1. 0. 0. 0.]]


[[0. 0. 0. 0. 0. 0. 0.]
 [0. 0. 0. 0. 0. 0. 0.]
 [0. 0. 1. 2. 0. 0. 0.]
 [0. 1. 1. 1. 0. 0. 0.]
 [0. 2. 2. 1. 0. 0. 0.]
 [0. 2. 2. 1. 0. 0. 0.]]


[[0. 0. 0. 0. 0. 0. 0.]
 [0. 0. 0. 0. 0. 0. 0.]
 [0. 0. 1. 2. 0. 0. 0.]
 [0. 1. 1. 1. 0. 0. 0.]
 [0. 2. 2. 1. 0. 0. 0.]
 [2. 2. 2. 1. 0. 0. 0.]]


[[0. 0. 0. 0. 0. 0. 0.]
 [0. 0. 0. 0. 0. 0. 0.]
 [0. 0. 1. 2. 0. 0. 0.]
 [0. 1. 1. 1. 0. 0. 0.]
 [1. 2. 2. 1. 0. 0. 0.]
 [2. 2. 2. 1. 0. 0. 0.]]


[[0. 0. 0. 0. 0. 0. 0.]
 [0. 0. 0. 0. 0. 0. 0.]
 [0. 0. 1. 2. 0. 0. 0.]
 [2. 1. 1. 1. 0. 0. 0.]
 [1. 2. 2. 1. 0. 0. 0.]
 [2. 2. 2. 1. 0. 0. 0.]]


[[0. 0. 0. 0. 0. 0. 0.]
 [0. 0. 0. 0. 0. 0. 0.]
 [1. 0. 1. 2. 0. 0. 0.]
 [2. 1. 1. 1. 0. 0. 0.]
 [1. 2. 2. 1. 0. 0. 0.]
 [2. 2. 2. 1. 0. 0. 0.]]


[[0. 0. 0. 0. 0. 0. 0.]
 [0. 0. 0. 2. 0. 0. 0.]
 [1. 0. 1. 2. 0. 0. 0.]
 [2. 1. 1. 1. 0. 0. 0.]
 [1. 2. 2. 1. 0. 0. 0.]
 [2. 2. 2. 1. 0. 0. 0.]]


[[0. 0. 0. 0. 0. 0. 0.]
 [0. 0. 0. 2. 0. 0. 0.]
 [1. 1. 1. 2. 0. 0. 0.]
 [2. 1. 1. 1. 0. 0. 0.]
 [1. 2. 2. 1. 0. 0. 0.]
 [2. 2. 2. 1. 0. 0. 0.]]


[[0. 0. 0. 0. 0. 0. 0.]
 [2. 0. 0. 2. 0. 0. 0.]
 [1. 1. 1. 2. 0. 0. 0.]
 [2. 1. 1. 1. 0. 0. 0.]
 [1. 2. 2. 1. 0. 0. 0.]
 [2. 2. 2. 1. 0. 0. 0.]]


[[1. 0. 0. 0. 0. 0. 0.]
 [2. 0. 0. 2. 0. 0. 0.]
 [1. 1. 1. 2. 0. 0. 0.]
 [2. 1. 1. 1. 0. 0. 0.]
 [1. 2. 2. 1. 0. 0. 0.]
 [2. 2. 2. 1. 0. 0. 0.]]


[[1. 0. 0. 0. 0. 0. 0.]
 [2. 2. 0. 2. 0. 0. 0.]
 [1. 1. 1. 2. 0. 0. 0.]
 [2. 1. 1. 1. 0. 0. 0.]
 [1. 2. 2. 1. 0. 0. 0.]
 [2. 2. 2. 1. 0. 0. 0.]]


[[1. 0. 0. 0. 0. 0. 0.]
 [2. 2. 1. 2. 0. 0. 0.]
 [1. 1. 1. 2. 0. 0. 0.]
 [2. 1. 1. 1. 0. 0. 0.]
 [1. 2. 2. 1. 0. 0. 0.]
 [2. 2. 2. 1. 0. 0. 0.]]


[[1. 0. 2. 0. 0. 0. 0.]
 [2. 2. 1. 2. 0. 0. 0.]
 [1. 1. 1. 2. 0. 0. 0.]
 [2. 1. 1. 1. 0. 0. 0.]
 [1. 2. 2. 1. 0. 0. 0.]
 [2. 2. 2. 1. 0. 0. 0.]]


[[1. 1. 2. 0. 0. 0. 0.]
 [2. 2. 1. 2. 0. 0. 0.]
 [1. 1. 1. 2. 0. 0. 0.]
 [2. 1. 1. 1. 0. 0. 0.]
 [1. 2. 2. 1. 0. 0. 0.]
 [2. 2. 2. 1. 0. 0. 0.]]


[[1. 1. 2. 0. 0. 0. 0.]
 [2. 2. 1. 2. 0. 0. 0.]
 [1. 1. 1. 2. 0. 0. 0.]
 [2. 1. 1. 1. 0. 0. 0.]
 [1. 2. 2. 1. 0. 0. 0.]
 [2. 2. 2. 1. 2. 0. 0.]]


[[1. 1. 2. 0. 0. 0. 0.]
 [2. 2. 1. 2. 0. 0. 0.]
 [1. 1. 1. 2. 0. 0. 0.]
 [2. 1. 1. 1. 0. 0. 0.]
 [1. 2. 2. 1. 1. 0. 0.]
 [2. 2. 2. 1. 2. 0. 0.]]


[[1. 1. 2. 0. 0. 0. 0.]
 [2. 2. 1. 2. 0. 0. 0.]
 [1. 1. 1. 2. 0. 0. 0.]
 [2. 1. 1. 1. 2. 0. 0.]
 [1. 2. 2. 1. 1. 0. 0.]
 [2. 2. 2. 1. 2. 0. 0.]]


[[1. 1. 2. 0. 0. 0. 0.]
 [2. 2. 1. 2. 0. 0. 0.]
 [1. 1. 1. 2. 0. 0. 0.]
 [2. 1. 1. 1. 2. 0. 0.]
 [1. 2. 2. 1. 1. 0. 0.]
 [2. 2. 2. 1. 2. 1. 0.]]


Player Daniel/Lucas is the winner!
Daniel/Lucas vs Bru_Jose
[[0. 0. 0. 0. 0. 0. 0.]
 [0. 0. 0. 0. 0. 0. 0.]
 [0. 0. 0. 0. 0. 0. 0.]
 [0. 0. 0. 0. 0. 0. 0.]
 [0. 0. 0. 0. 0. 0. 0.]
 [0. 0. 0. 1. 0. 0. 0.]]


[[0. 0. 0. 0. 0. 0. 0.]
 [0. 0. 0. 0. 0. 0. 0.]
 [0. 0. 0. 0. 0. 0. 0.]
 [0. 0. 0. 0. 0. 0. 0.]
 [0. 0. 0. 2. 0. 0. 0.]
 [0. 0. 0. 1. 0. 0. 0.]]


[[0. 0. 0. 0. 0. 0. 0.]
 [0. 0. 0. 0. 0. 0. 0.]
 [0. 0. 0. 0. 0. 0. 0.]
 [0. 0. 0. 1. 0. 0. 0.]
 [0. 0. 0. 2. 0. 0. 0.]
 [0. 0. 0. 1. 0. 0. 0.]]


[[0. 0. 0. 0. 0. 0. 0.]
 [0. 0. 0. 0. 0. 0. 0.]
 [0. 0. 0. 0. 0. 0. 0.]
 [0. 0. 0. 1. 0. 0. 0.]
 [0. 0. 0. 2. 0. 0. 0.]
 [0. 0. 2. 1. 0. 0. 0.]]


[[0. 0. 0. 0. 0. 0. 0.]
 [0. 0. 0. 0. 0. 0. 0.]
 [0. 0. 0. 1. 0. 0. 0.]
 [0. 0. 0. 1. 0. 0. 0.]
 [0. 0. 0. 2. 0. 0. 0.]
 [0. 0. 2. 1. 0. 0. 0.]]


[[0. 0. 0. 0. 0. 0. 0.]
 [0. 0. 0. 0. 0. 0. 0.]
 [0. 0. 0. 1. 0. 0. 0.]
 [0. 0. 0. 1. 0. 0. 0.]
 [0. 0. 2. 2. 0. 0. 0.]
 [0. 0. 2. 1. 0. 0. 0.]]


[[0. 0. 0. 0. 0. 0. 0.]
 [0. 0. 0. 0. 0. 0. 0.]
 [0. 0. 0. 1. 0. 0. 0.]
 [0. 0. 1. 1. 0. 0. 0.]
 [0. 0. 2. 2. 0. 0. 0.]
 [0. 0. 2. 1. 0. 0. 0.]]


[[0. 0. 0. 0. 0. 0. 0.]
 [0. 0. 0. 2. 0. 0. 0.]
 [0. 0. 0. 1. 0. 0. 0.]
 [0. 0. 1. 1. 0. 0. 0.]
 [0. 0. 2. 2. 0. 0. 0.]
 [0. 0. 2. 1. 0. 0. 0.]]


[[0. 0. 0. 0. 0. 0. 0.]
 [0. 0. 0. 2. 0. 0. 0.]
 [0. 0. 1. 1. 0. 0. 0.]
 [0. 0. 1. 1. 0. 0. 0.]
 [0. 0. 2. 2. 0. 0. 0.]
 [0. 0. 2. 1. 0. 0. 0.]]


[[0. 0. 0. 0. 0. 0. 0.]
 [0. 0. 2. 2. 0. 0. 0.]
 [0. 0. 1. 1. 0. 0. 0.]
 [0. 0. 1. 1. 0. 0. 0.]
 [0. 0. 2. 2. 0. 0. 0.]
 [0. 0. 2. 1. 0. 0. 0.]]


[[0. 0. 0. 1. 0. 0. 0.]
 [0. 0. 2. 2. 0. 0. 0.]
 [0. 0. 1. 1. 0. 0. 0.]
 [0. 0. 1. 1. 0. 0. 0.]
 [0. 0. 2. 2. 0. 0. 0.]
 [0. 0. 2. 1. 0. 0. 0.]]


[[0. 0. 2. 1. 0. 0. 0.]
 [0. 0. 2. 2. 0. 0. 0.]
 [0. 0. 1. 1. 0. 0. 0.]
 [0. 0. 1. 1. 0. 0. 0.]
 [0. 0. 2. 2. 0. 0. 0.]
 [0. 0. 2. 1. 0. 0. 0.]]


[[0. 0. 2. 1. 0. 0. 0.]
 [0. 0. 2. 2. 0. 0. 0.]
 [0. 0. 1. 1. 0. 0. 0.]
 [0. 0. 1. 1. 0. 0. 0.]
 [0. 0. 2. 2. 0. 0. 0.]
 [0. 0. 2. 1. 0. 1. 0.]]


[[0. 0. 2. 1. 0. 0. 0.]
 [0. 0. 2. 2. 0. 0. 0.]
 [0. 0. 1. 1. 0. 0. 0.]
 [0. 0. 1. 1. 0. 0. 0.]
 [0. 0. 2. 2. 0. 2. 0.]
 [0. 0. 2. 1. 0. 1. 0.]]


[[0. 0. 2. 1. 0. 0. 0.]
 [0. 0. 2. 2. 0. 0. 0.]
 [0. 0. 1. 1. 0. 0. 0.]
 [0. 0. 1. 1. 0. 0. 0.]
 [0. 0. 2. 2. 0. 2. 0.]
 [0. 0. 2. 1. 0. 1. 1.]]


[[0. 0. 2. 1. 0. 0. 0.]
 [0. 0. 2. 2. 0. 0. 0.]
 [0. 0. 1. 1. 0. 0. 0.]
 [0. 0. 1. 1. 0. 2. 0.]
 [0. 0. 2. 2. 0. 2. 0.]
 [0. 0. 2. 1. 0. 1. 1.]]


[[0. 0. 2. 1. 0. 0. 0.]
 [0. 0. 2. 2. 0. 0. 0.]
 [0. 0. 1. 1. 0. 0. 0.]
 [0. 0. 1. 1. 0. 2. 0.]
 [0. 0. 2. 2. 0. 2. 0.]
 [1. 0. 2. 1. 0. 1. 1.]]


[[0. 0. 2. 1. 0. 0. 0.]
 [0. 0. 2. 2. 0. 0. 0.]
 [0. 0. 1. 1. 0. 2. 0.]
 [0. 0. 1. 1. 0. 2. 0.]
 [0. 0. 2. 2. 0. 2. 0.]
 [1. 0. 2. 1. 0. 1. 1.]]


[[0. 0. 2. 1. 0. 0. 0.]
 [0. 0. 2. 2. 0. 0. 0.]
 [0. 0. 1. 1. 0. 2. 0.]
 [0. 0. 1. 1. 0. 2. 0.]
 [0. 0. 2. 2. 0. 2. 0.]
 [1. 0. 2. 1. 1. 1. 1.]]


Player Daniel/Lucas is the winner!
Cheddar Player vs Sushi
[[0. 0. 0. 0. 0. 0. 0.]
 [0. 0. 0. 0. 0. 0. 0.]
 [0. 0. 0. 0. 0. 0. 0.]
 [0. 0. 0. 0. 0. 0. 0.]
 [0. 0. 0. 0. 0. 0. 0.]
 [0. 0. 1. 0. 0. 0. 0.]]


[[0. 0. 0. 0. 0. 0. 0.]
 [0. 0. 0. 0. 0. 0. 0.]
 [0. 0. 0. 0. 0. 0. 0.]
 [0. 0. 0. 0. 0. 0. 0.]
 [0. 0. 0. 0. 0. 0. 0.]
 [0. 0. 1. 2. 0. 0. 0.]]


[[0. 0. 0. 0. 0. 0. 0.]
 [0. 0. 0. 0. 0. 0. 0.]
 [0. 0. 0. 0. 0. 0. 0.]
 [0. 0. 0. 0. 0. 0. 0.]
 [0. 0. 0. 1. 0. 0. 0.]
 [0. 0. 1. 2. 0. 0. 0.]]


[[0. 0. 0. 0. 0. 0. 0.]
 [0. 0. 0. 0. 0. 0. 0.]
 [0. 0. 0. 0. 0. 0. 0.]
 [0. 0. 0. 0. 0. 0. 0.]
 [0. 0. 0. 1. 0. 0. 0.]
 [0. 0. 1. 2. 2. 0. 0.]]


[[0. 0. 0. 0. 0. 0. 0.]
 [0. 0. 0. 0. 0. 0. 0.]
 [0. 0. 0. 0. 0. 0. 0.]
 [0. 0. 0. 0. 0. 0. 0.]
 [0. 0. 0. 1. 0. 0. 0.]
 [0. 0. 1. 2. 2. 0. 1.]]


[[0. 0. 0. 0. 0. 0. 0.]
 [0. 0. 0. 0. 0. 0. 0.]
 [0. 0. 0. 0. 0. 0. 0.]
 [0. 0. 0. 0. 0. 0. 0.]
 [0. 0. 0. 1. 2. 0. 0.]
 [0. 0. 1. 2. 2. 0. 1.]]


[[0. 0. 0. 0. 0. 0. 0.]
 [0. 0. 0. 0. 0. 0. 0.]
 [0. 0. 0. 0. 0. 0. 0.]
 [0. 0. 0. 0. 0. 0. 0.]
 [0. 0. 0. 1. 2. 0. 0.]
 [0. 0. 1. 2. 2. 1. 1.]]


[[0. 0. 0. 0. 0. 0. 0.]
 [0. 0. 0. 0. 0. 0. 0.]
 [0. 0. 0. 0. 0. 0. 0.]
 [0. 0. 0. 2. 0. 0. 0.]
 [0. 0. 0. 1. 2. 0. 0.]
 [0. 0. 1. 2. 2. 1. 1.]]


[[0. 0. 0. 0. 0. 0. 0.]
 [0. 0. 0. 0. 0. 0. 0.]
 [0. 0. 0. 1. 0. 0. 0.]
 [0. 0. 0. 2. 0. 0. 0.]
 [0. 0. 0. 1. 2. 0. 0.]
 [0. 0. 1. 2. 2. 1. 1.]]


[[0. 0. 0. 0. 0. 0. 0.]
 [0. 0. 0. 0. 0. 0. 0.]
 [0. 0. 0. 1. 0. 0. 0.]
 [0. 0. 0. 2. 0. 0. 0.]
 [0. 0. 2. 1. 2. 0. 0.]
 [0. 0. 1. 2. 2. 1. 1.]]


[[0. 0. 0. 0. 0. 0. 0.]
 [0. 0. 0. 0. 0. 0. 0.]
 [0. 0. 0. 1. 0. 0. 0.]
 [0. 0. 0. 2. 0. 0. 0.]
 [0. 0. 2. 1. 2. 0. 0.]
 [1. 0. 1. 2. 2. 1. 1.]]


[[0. 0. 0. 0. 0. 0. 0.]
 [0. 0. 0. 0. 0. 0. 0.]
 [0. 0. 0. 1. 0. 0. 0.]
 [0. 0. 0. 2. 2. 0. 0.]
 [0. 0. 2. 1. 2. 0. 0.]
 [1. 0. 1. 2. 2. 1. 1.]]


[[0. 0. 0. 0. 0. 0. 0.]
 [0. 0. 0. 0. 0. 0. 0.]
 [0. 0. 0. 1. 0. 0. 0.]
 [0. 0. 0. 2. 2. 0. 0.]
 [1. 0. 2. 1. 2. 0. 0.]
 [1. 0. 1. 2. 2. 1. 1.]]


[[0. 0. 0. 0. 0. 0. 0.]
 [0. 0. 0. 0. 0. 0. 0.]
 [0. 0. 0. 1. 2. 0. 0.]
 [0. 0. 0. 2. 2. 0. 0.]
 [1. 0. 2. 1. 2. 0. 0.]
 [1. 0. 1. 2. 2. 1. 1.]]


Player Sushi is the winner!
Cheddar Player vs Allan
[[0. 0. 0. 0. 0. 0. 0.]
 [0. 0. 0. 0. 0. 0. 0.]
 [0. 0. 0. 0. 0. 0. 0.]
 [0. 0. 0. 0. 0. 0. 0.]
 [0. 0. 0. 0. 0. 0. 0.]
 [0. 0. 1. 0. 0. 0. 0.]]


[[0. 0. 0. 0. 0. 0. 0.]
 [0. 0. 0. 0. 0. 0. 0.]
 [0. 0. 0. 0. 0. 0. 0.]
 [0. 0. 0. 0. 0. 0. 0.]
 [0. 0. 2. 0. 0. 0. 0.]
 [0. 0. 1. 0. 0. 0. 0.]]


[[0. 0. 0. 0. 0. 0. 0.]
 [0. 0. 0. 0. 0. 0. 0.]
 [0. 0. 0. 0. 0. 0. 0.]
 [0. 0. 1. 0. 0. 0. 0.]
 [0. 0. 2. 0. 0. 0. 0.]
 [0. 0. 1. 0. 0. 0. 0.]]


[[0. 0. 0. 0. 0. 0. 0.]
 [0. 0. 0. 0. 0. 0. 0.]
 [0. 0. 0. 0. 0. 0. 0.]
 [0. 0. 1. 0. 0. 0. 0.]
 [0. 0. 2. 0. 0. 0. 0.]
 [0. 2. 1. 0. 0. 0. 0.]]


[[0. 0. 0. 0. 0. 0. 0.]
 [0. 0. 0. 0. 0. 0. 0.]
 [0. 0. 0. 0. 0. 0. 0.]
 [0. 0. 1. 0. 0. 0. 0.]
 [0. 1. 2. 0. 0. 0. 0.]
 [0. 2. 1. 0. 0. 0. 0.]]


[[0. 0. 0. 0. 0. 0. 0.]
 [0. 0. 0. 0. 0. 0. 0.]
 [0. 0. 0. 0. 0. 0. 0.]
 [0. 0. 1. 0. 0. 0. 0.]
 [0. 1. 2. 0. 0. 0. 0.]
 [0. 2. 1. 2. 0. 0. 0.]]


[[0. 0. 0. 0. 0. 0. 0.]
 [0. 0. 0. 0. 0. 0. 0.]
 [0. 0. 0. 0. 0. 0. 0.]
 [0. 0. 1. 0. 0. 0. 0.]
 [0. 1. 2. 0. 0. 0. 0.]
 [1. 2. 1. 2. 0. 0. 0.]]


[[0. 0. 0. 0. 0. 0. 0.]
 [0. 0. 0. 0. 0. 0. 0.]
 [0. 0. 0. 0. 0. 0. 0.]
 [0. 0. 1. 0. 0. 0. 0.]
 [0. 1. 2. 2. 0. 0. 0.]
 [1. 2. 1. 2. 0. 0. 0.]]


[[0. 0. 0. 0. 0. 0. 0.]
 [0. 0. 0. 0. 0. 0. 0.]
 [0. 0. 0. 0. 0. 0. 0.]
 [0. 0. 1. 0. 0. 0. 0.]
 [1. 1. 2. 2. 0. 0. 0.]
 [1. 2. 1. 2. 0. 0. 0.]]


[[0. 0. 0. 0. 0. 0. 0.]
 [0. 0. 0. 0. 0. 0. 0.]
 [0. 0. 0. 0. 0. 0. 0.]
 [0. 0. 1. 2. 0. 0. 0.]
 [1. 1. 2. 2. 0. 0. 0.]
 [1. 2. 1. 2. 0. 0. 0.]]


[[0. 0. 0. 0. 0. 0. 0.]
 [0. 0. 0. 0. 0. 0. 0.]
 [0. 0. 0. 0. 0. 0. 0.]
 [1. 0. 1. 2. 0. 0. 0.]
 [1. 1. 2. 2. 0. 0. 0.]
 [1. 2. 1. 2. 0. 0. 0.]]


[[0. 0. 0. 0. 0. 0. 0.]
 [0. 0. 0. 0. 0. 0. 0.]
 [2. 0. 0. 0. 0. 0. 0.]
 [1. 0. 1. 2. 0. 0. 0.]
 [1. 1. 2. 2. 0. 0. 0.]
 [1. 2. 1. 2. 0. 0. 0.]]


[[0. 0. 0. 0. 0. 0. 0.]
 [1. 0. 0. 0. 0. 0. 0.]
 [2. 0. 0. 0. 0. 0. 0.]
 [1. 0. 1. 2. 0. 0. 0.]
 [1. 1. 2. 2. 0. 0. 0.]
 [1. 2. 1. 2. 0. 0. 0.]]


[[0. 0. 0. 0. 0. 0. 0.]
 [1. 0. 0. 0. 0. 0. 0.]
 [2. 0. 0. 2. 0. 0. 0.]
 [1. 0. 1. 2. 0. 0. 0.]
 [1. 1. 2. 2. 0. 0. 0.]
 [1. 2. 1. 2. 0. 0. 0.]]


Player Allan is the winner!
Cheddar Player vs Bru_Jose
[[0. 0. 0. 0. 0. 0. 0.]
 [0. 0. 0. 0. 0. 0. 0.]
 [0. 0. 0. 0. 0. 0. 0.]
 [0. 0. 0. 0. 0. 0. 0.]
 [0. 0. 0. 0. 0. 0. 0.]
 [0. 0. 1. 0. 0. 0. 0.]]


[[0. 0. 0. 0. 0. 0. 0.]
 [0. 0. 0. 0. 0. 0. 0.]
 [0. 0. 0. 0. 0. 0. 0.]
 [0. 0. 0. 0. 0. 0. 0.]
 [0. 0. 0. 0. 0. 0. 0.]
 [0. 0. 1. 2. 0. 0. 0.]]


[[0. 0. 0. 0. 0. 0. 0.]
 [0. 0. 0. 0. 0. 0. 0.]
 [0. 0. 0. 0. 0. 0. 0.]
 [0. 0. 0. 0. 0. 0. 0.]
 [0. 0. 0. 1. 0. 0. 0.]
 [0. 0. 1. 2. 0. 0. 0.]]


[[0. 0. 0. 0. 0. 0. 0.]
 [0. 0. 0. 0. 0. 0. 0.]
 [0. 0. 0. 0. 0. 0. 0.]
 [0. 0. 0. 0. 0. 0. 0.]
 [0. 0. 2. 1. 0. 0. 0.]
 [0. 0. 1. 2. 0. 0. 0.]]


[[0. 0. 0. 0. 0. 0. 0.]
 [0. 0. 0. 0. 0. 0. 0.]
 [0. 0. 0. 0. 0. 0. 0.]
 [0. 0. 0. 0. 0. 0. 0.]
 [0. 0. 2. 1. 0. 0. 0.]
 [1. 0. 1. 2. 0. 0. 0.]]


[[0. 0. 0. 0. 0. 0. 0.]
 [0. 0. 0. 0. 0. 0. 0.]
 [0. 0. 0. 0. 0. 0. 0.]
 [0. 0. 0. 2. 0. 0. 0.]
 [0. 0. 2. 1. 0. 0. 0.]
 [1. 0. 1. 2. 0. 0. 0.]]


[[0. 0. 0. 0. 0. 0. 0.]
 [0. 0. 0. 0. 0. 0. 0.]
 [0. 0. 0. 0. 0. 0. 0.]
 [0. 0. 0. 2. 0. 0. 0.]
 [1. 0. 2. 1. 0. 0. 0.]
 [1. 0. 1. 2. 0. 0. 0.]]


[[0. 0. 0. 0. 0. 0. 0.]
 [0. 0. 0. 0. 0. 0. 0.]
 [0. 0. 0. 0. 0. 0. 0.]
 [0. 0. 2. 2. 0. 0. 0.]
 [1. 0. 2. 1. 0. 0. 0.]
 [1. 0. 1. 2. 0. 0. 0.]]


[[0. 0. 0. 0. 0. 0. 0.]
 [0. 0. 0. 0. 0. 0. 0.]
 [0. 0. 0. 0. 0. 0. 0.]
 [1. 0. 2. 2. 0. 0. 0.]
 [1. 0. 2. 1. 0. 0. 0.]
 [1. 0. 1. 2. 0. 0. 0.]]


[[0. 0. 0. 0. 0. 0. 0.]
 [0. 0. 0. 0. 0. 0. 0.]
 [0. 0. 2. 0. 0. 0. 0.]
 [1. 0. 2. 2. 0. 0. 0.]
 [1. 0. 2. 1. 0. 0. 0.]
 [1. 0. 1. 2. 0. 0. 0.]]


[[0. 0. 0. 0. 0. 0. 0.]
 [0. 0. 0. 0. 0. 0. 0.]
 [1. 0. 2. 0. 0. 0. 0.]
 [1. 0. 2. 2. 0. 0. 0.]
 [1. 0. 2. 1. 0. 0. 0.]
 [1. 0. 1. 2. 0. 0. 0.]]


Player Cheddar Player is the winner!
Sushi vs Allan
[[0. 0. 0. 0. 0. 0. 0.]
 [0. 0. 0. 0. 0. 0. 0.]
 [0. 0. 0. 0. 0. 0. 0.]
 [0. 0. 0. 0. 0. 0. 0.]
 [0. 0. 0. 0. 0. 0. 0.]
 [0. 0. 0. 1. 0. 0. 0.]]


[[0. 0. 0. 0. 0. 0. 0.]
 [0. 0. 0. 0. 0. 0. 0.]
 [0. 0. 0. 0. 0. 0. 0.]
 [0. 0. 0. 0. 0. 0. 0.]
 [0. 0. 0. 0. 0. 0. 0.]
 [0. 0. 2. 1. 0. 0. 0.]]


[[0. 0. 0. 0. 0. 0. 0.]
 [0. 0. 0. 0. 0. 0. 0.]
 [0. 0. 0. 0. 0. 0. 0.]
 [0. 0. 0. 0. 0. 0. 0.]
 [0. 0. 0. 1. 0. 0. 0.]
 [0. 0. 2. 1. 0. 0. 0.]]


[[0. 0. 0. 0. 0. 0. 0.]
 [0. 0. 0. 0. 0. 0. 0.]
 [0. 0. 0. 0. 0. 0. 0.]
 [0. 0. 0. 0. 0. 0. 0.]
 [0. 0. 2. 1. 0. 0. 0.]
 [0. 0. 2. 1. 0. 0. 0.]]


[[0. 0. 0. 0. 0. 0. 0.]
 [0. 0. 0. 0. 0. 0. 0.]
 [0. 0. 0. 0. 0. 0. 0.]
 [0. 0. 1. 0. 0. 0. 0.]
 [0. 0. 2. 1. 0. 0. 0.]
 [0. 0. 2. 1. 0. 0. 0.]]


[[0. 0. 0. 0. 0. 0. 0.]
 [0. 0. 0. 0. 0. 0. 0.]
 [0. 0. 0. 0. 0. 0. 0.]
 [0. 0. 1. 2. 0. 0. 0.]
 [0. 0. 2. 1. 0. 0. 0.]
 [0. 0. 2. 1. 0. 0. 0.]]


[[0. 0. 0. 0. 0. 0. 0.]
 [0. 0. 0. 0. 0. 0. 0.]
 [0. 0. 0. 1. 0. 0. 0.]
 [0. 0. 1. 2. 0. 0. 0.]
 [0. 0. 2. 1. 0. 0. 0.]
 [0. 0. 2. 1. 0. 0. 0.]]


[[0. 0. 0. 0. 0. 0. 0.]
 [0. 0. 0. 0. 0. 0. 0.]
 [0. 0. 0. 1. 0. 0. 0.]
 [0. 0. 1. 2. 0. 0. 0.]
 [0. 0. 2. 1. 0. 0. 0.]
 [0. 2. 2. 1. 0. 0. 0.]]


[[0. 0. 0. 0. 0. 0. 0.]
 [0. 0. 0. 0. 0. 0. 0.]
 [0. 0. 0. 1. 0. 0. 0.]
 [0. 0. 1. 2. 0. 0. 0.]
 [0. 1. 2. 1. 0. 0. 0.]
 [0. 2. 2. 1. 0. 0. 0.]]


[[0. 0. 0. 0. 0. 0. 0.]
 [0. 0. 0. 0. 0. 0. 0.]
 [0. 0. 0. 1. 0. 0. 0.]
 [0. 0. 1. 2. 0. 0. 0.]
 [0. 1. 2. 1. 0. 0. 0.]
 [2. 2. 2. 1. 0. 0. 0.]]


[[0. 0. 0. 0. 0. 0. 0.]
 [0. 0. 0. 0. 0. 0. 0.]
 [0. 0. 0. 1. 0. 0. 0.]
 [0. 0. 1. 2. 0. 0. 0.]
 [0. 1. 2. 1. 0. 0. 0.]
 [2. 2. 2. 1. 1. 0. 0.]]


[[0. 0. 0. 0. 0. 0. 0.]
 [0. 0. 0. 0. 0. 0. 0.]
 [0. 0. 2. 1. 0. 0. 0.]
 [0. 0. 1. 2. 0. 0. 0.]
 [0. 1. 2. 1. 0. 0. 0.]
 [2. 2. 2. 1. 1. 0. 0.]]


[[0. 0. 0. 0. 0. 0. 0.]
 [0. 0. 0. 0. 0. 0. 0.]
 [0. 0. 2. 1. 0. 0. 0.]
 [0. 0. 1. 2. 0. 0. 0.]
 [0. 1. 2. 1. 1. 0. 0.]
 [2. 2. 2. 1. 1. 0. 0.]]


[[0. 0. 0. 0. 0. 0. 0.]
 [0. 0. 0. 0. 0. 0. 0.]
 [0. 0. 2. 1. 0. 0. 0.]
 [0. 0. 1. 2. 2. 0. 0.]
 [0. 1. 2. 1. 1. 0. 0.]
 [2. 2. 2. 1. 1. 0. 0.]]


[[0. 0. 0. 0. 0. 0. 0.]
 [0. 0. 0. 0. 0. 0. 0.]
 [0. 0. 2. 1. 1. 0. 0.]
 [0. 0. 1. 2. 2. 0. 0.]
 [0. 1. 2. 1. 1. 0. 0.]
 [2. 2. 2. 1. 1. 0. 0.]]


[[0. 0. 0. 0. 0. 0. 0.]
 [0. 0. 0. 0. 2. 0. 0.]
 [0. 0. 2. 1. 1. 0. 0.]
 [0. 0. 1. 2. 2. 0. 0.]
 [0. 1. 2. 1. 1. 0. 0.]
 [2. 2. 2. 1. 1. 0. 0.]]


[[0. 0. 0. 0. 0. 0. 0.]
 [0. 0. 0. 0. 2. 0. 0.]
 [0. 0. 2. 1. 1. 0. 0.]
 [0. 0. 1. 2. 2. 0. 0.]
 [0. 1. 2. 1. 1. 0. 0.]
 [2. 2. 2. 1. 1. 1. 0.]]


[[0. 0. 0. 0. 0. 0. 0.]
 [0. 0. 0. 0. 2. 0. 0.]
 [0. 0. 2. 1. 1. 0. 0.]
 [0. 0. 1. 2. 2. 0. 0.]
 [0. 1. 2. 1. 1. 0. 0.]
 [2. 2. 2. 1. 1. 1. 2.]]


[[0. 0. 0. 0. 0. 0. 0.]
 [0. 0. 0. 0. 2. 0. 0.]
 [0. 0. 2. 1. 1. 0. 0.]
 [0. 0. 1. 2. 2. 0. 0.]
 [0. 1. 2. 1. 1. 1. 0.]
 [2. 2. 2. 1. 1. 1. 2.]]


[[0. 0. 0. 0. 0. 0. 0.]
 [0. 0. 0. 0. 2. 0. 0.]
 [0. 0. 2. 1. 1. 0. 0.]
 [0. 0. 1. 2. 2. 0. 0.]
 [0. 1. 2. 1. 1. 1. 2.]
 [2. 2. 2. 1. 1. 1. 2.]]


[[0. 0. 0. 0. 0. 0. 0.]
 [0. 0. 0. 0. 2. 0. 0.]
 [0. 0. 2. 1. 1. 0. 0.]
 [0. 0. 1. 2. 2. 1. 0.]
 [0. 1. 2. 1. 1. 1. 2.]
 [2. 2. 2. 1. 1. 1. 2.]]


[[0. 0. 0. 0. 0. 0. 0.]
 [0. 0. 0. 0. 2. 0. 0.]
 [0. 0. 2. 1. 1. 2. 0.]
 [0. 0. 1. 2. 2. 1. 0.]
 [0. 1. 2. 1. 1. 1. 2.]
 [2. 2. 2. 1. 1. 1. 2.]]


[[0. 0. 0. 0. 0. 0. 0.]
 [0. 0. 0. 1. 2. 0. 0.]
 [0. 0. 2. 1. 1. 2. 0.]
 [0. 0. 1. 2. 2. 1. 0.]
 [0. 1. 2. 1. 1. 1. 2.]
 [2. 2. 2. 1. 1. 1. 2.]]


[[0. 0. 0. 0. 0. 0. 0.]
 [0. 0. 0. 1. 2. 0. 0.]
 [0. 0. 2. 1. 1. 2. 0.]
 [0. 0. 1. 2. 2. 1. 2.]
 [0. 1. 2. 1. 1. 1. 2.]
 [2. 2. 2. 1. 1. 1. 2.]]


[[0. 0. 0. 1. 0. 0. 0.]
 [0. 0. 0. 1. 2. 0. 0.]
 [0. 0. 2. 1. 1. 2. 0.]
 [0. 0. 1. 2. 2. 1. 2.]
 [0. 1. 2. 1. 1. 1. 2.]
 [2. 2. 2. 1. 1. 1. 2.]]


[[0. 0. 0. 1. 0. 0. 0.]
 [0. 0. 0. 1. 2. 0. 0.]
 [0. 0. 2. 1. 1. 2. 2.]
 [0. 0. 1. 2. 2. 1. 2.]
 [0. 1. 2. 1. 1. 1. 2.]
 [2. 2. 2. 1. 1. 1. 2.]]


[[0. 0. 0. 1. 0. 0. 0.]
 [0. 0. 0. 1. 2. 0. 0.]
 [0. 0. 2. 1. 1. 2. 2.]
 [0. 0. 1. 2. 2. 1. 2.]
 [1. 1. 2. 1. 1. 1. 2.]
 [2. 2. 2. 1. 1. 1. 2.]]


[[0. 0. 0. 1. 0. 0. 0.]
 [0. 0. 0. 1. 2. 0. 2.]
 [0. 0. 2. 1. 1. 2. 2.]
 [0. 0. 1. 2. 2. 1. 2.]
 [1. 1. 2. 1. 1. 1. 2.]
 [2. 2. 2. 1. 1. 1. 2.]]


[[0. 0. 0. 1. 0. 0. 0.]
 [0. 0. 1. 1. 2. 0. 2.]
 [0. 0. 2. 1. 1. 2. 2.]
 [0. 0. 1. 2. 2. 1. 2.]
 [1. 1. 2. 1. 1. 1. 2.]
 [2. 2. 2. 1. 1. 1. 2.]]


[[0. 0. 0. 1. 0. 0. 0.]
 [0. 0. 1. 1. 2. 2. 2.]
 [0. 0. 2. 1. 1. 2. 2.]
 [0. 0. 1. 2. 2. 1. 2.]
 [1. 1. 2. 1. 1. 1. 2.]
 [2. 2. 2. 1. 1. 1. 2.]]


[[0. 0. 1. 1. 0. 0. 0.]
 [0. 0. 1. 1. 2. 2. 2.]
 [0. 0. 2. 1. 1. 2. 2.]
 [0. 0. 1. 2. 2. 1. 2.]
 [1. 1. 2. 1. 1. 1. 2.]
 [2. 2. 2. 1. 1. 1. 2.]]


Player Sushi is the winner!
Sushi vs Bru_Jose
[[0. 0. 0. 0. 0. 0. 0.]
 [0. 0. 0. 0. 0. 0. 0.]
 [0. 0. 0. 0. 0. 0. 0.]
 [0. 0. 0. 0. 0. 0. 0.]
 [0. 0. 0. 0. 0. 0. 0.]
 [0. 0. 0. 1. 0. 0. 0.]]


[[0. 0. 0. 0. 0. 0. 0.]
 [0. 0. 0. 0. 0. 0. 0.]
 [0. 0. 0. 0. 0. 0. 0.]
 [0. 0. 0. 0. 0. 0. 0.]
 [0. 0. 0. 2. 0. 0. 0.]
 [0. 0. 0. 1. 0. 0. 0.]]


[[0. 0. 0. 0. 0. 0. 0.]
 [0. 0. 0. 0. 0. 0. 0.]
 [0. 0. 0. 0. 0. 0. 0.]
 [0. 0. 0. 0. 0. 0. 0.]
 [0. 0. 0. 2. 0. 0. 0.]
 [0. 0. 1. 1. 0. 0. 0.]]


[[0. 0. 0. 0. 0. 0. 0.]
 [0. 0. 0. 0. 0. 0. 0.]
 [0. 0. 0. 0. 0. 0. 0.]
 [0. 0. 0. 0. 0. 0. 0.]
 [0. 0. 2. 2. 0. 0. 0.]
 [0. 0. 1. 1. 0. 0. 0.]]


[[0. 0. 0. 0. 0. 0. 0.]
 [0. 0. 0. 0. 0. 0. 0.]
 [0. 0. 0. 0. 0. 0. 0.]
 [0. 0. 0. 0. 0. 0. 0.]
 [0. 0. 2. 2. 0. 0. 0.]
 [0. 0. 1. 1. 1. 0. 0.]]


[[0. 0. 0. 0. 0. 0. 0.]
 [0. 0. 0. 0. 0. 0. 0.]
 [0. 0. 0. 0. 0. 0. 0.]
 [0. 0. 0. 2. 0. 0. 0.]
 [0. 0. 2. 2. 0. 0. 0.]
 [0. 0. 1. 1. 1. 0. 0.]]


[[0. 0. 0. 0. 0. 0. 0.]
 [0. 0. 0. 0. 0. 0. 0.]
 [0. 0. 0. 1. 0. 0. 0.]
 [0. 0. 0. 2. 0. 0. 0.]
 [0. 0. 2. 2. 0. 0. 0.]
 [0. 0. 1. 1. 1. 0. 0.]]


[[0. 0. 0. 0. 0. 0. 0.]
 [0. 0. 0. 0. 0. 0. 0.]
 [0. 0. 0. 1. 0. 0. 0.]
 [0. 0. 2. 2. 0. 0. 0.]
 [0. 0. 2. 2. 0. 0. 0.]
 [0. 0. 1. 1. 1. 0. 0.]]


[[0. 0. 0. 0. 0. 0. 0.]
 [0. 0. 0. 0. 0. 0. 0.]
 [0. 0. 1. 1. 0. 0. 0.]
 [0. 0. 2. 2. 0. 0. 0.]
 [0. 0. 2. 2. 0. 0. 0.]
 [0. 0. 1. 1. 1. 0. 0.]]


[[0. 0. 0. 0. 0. 0. 0.]
 [0. 0. 0. 0. 0. 0. 0.]
 [0. 0. 1. 1. 0. 0. 0.]
 [0. 0. 2. 2. 0. 0. 0.]
 [0. 0. 2. 2. 2. 0. 0.]
 [0. 0. 1. 1. 1. 0. 0.]]


[[0. 0. 0. 0. 0. 0. 0.]
 [0. 0. 1. 0. 0. 0. 0.]
 [0. 0. 1. 1. 0. 0. 0.]
 [0. 0. 2. 2. 0. 0. 0.]
 [0. 0. 2. 2. 2. 0. 0.]
 [0. 0. 1. 1. 1. 0. 0.]]


[[0. 0. 0. 0. 0. 0. 0.]
 [0. 0. 1. 0. 0. 0. 0.]
 [0. 0. 1. 1. 0. 0. 0.]
 [0. 0. 2. 2. 2. 0. 0.]
 [0. 0. 2. 2. 2. 0. 0.]
 [0. 0. 1. 1. 1. 0. 0.]]


[[0. 0. 1. 0. 0. 0. 0.]
 [0. 0. 1. 0. 0. 0. 0.]
 [0. 0. 1. 1. 0. 0. 0.]
 [0. 0. 2. 2. 2. 0. 0.]
 [0. 0. 2. 2. 2. 0. 0.]
 [0. 0. 1. 1. 1. 0. 0.]]


[[0. 0. 1. 0. 0. 0. 0.]
 [0. 0. 1. 0. 0. 0. 0.]
 [0. 0. 1. 1. 2. 0. 0.]
 [0. 0. 2. 2. 2. 0. 0.]
 [0. 0. 2. 2. 2. 0. 0.]
 [0. 0. 1. 1. 1. 0. 0.]]


[[0. 0. 1. 0. 0. 0. 0.]
 [0. 0. 1. 0. 0. 0. 0.]
 [0. 0. 1. 1. 2. 0. 0.]
 [0. 0. 2. 2. 2. 0. 0.]
 [0. 0. 2. 2. 2. 0. 0.]
 [0. 1. 1. 1. 1. 0. 0.]]


Player Sushi is the winner!
Allan vs Bru_Jose
[[0. 0. 0. 0. 0. 0. 0.]
 [0. 0. 0. 0. 0. 0. 0.]
 [0. 0. 0. 0. 0. 0. 0.]
 [0. 0. 0. 0. 0. 0. 0.]
 [0. 0. 0. 0. 0. 0. 0.]
 [0. 0. 1. 0. 0. 0. 0.]]


[[0. 0. 0. 0. 0. 0. 0.]
 [0. 0. 0. 0. 0. 0. 0.]
 [0. 0. 0. 0. 0. 0. 0.]
 [0. 0. 0. 0. 0. 0. 0.]
 [0. 0. 0. 0. 0. 0. 0.]
 [0. 0. 1. 2. 0. 0. 0.]]


[[0. 0. 0. 0. 0. 0. 0.]
 [0. 0. 0. 0. 0. 0. 0.]
 [0. 0. 0. 0. 0. 0. 0.]
 [0. 0. 0. 0. 0. 0. 0.]
 [0. 0. 1. 0. 0. 0. 0.]
 [0. 0. 1. 2. 0. 0. 0.]]


[[0. 0. 0. 0. 0. 0. 0.]
 [0. 0. 0. 0. 0. 0. 0.]
 [0. 0. 0. 0. 0. 0. 0.]
 [0. 0. 0. 0. 0. 0. 0.]
 [0. 0. 1. 2. 0. 0. 0.]
 [0. 0. 1. 2. 0. 0. 0.]]


[[0. 0. 0. 0. 0. 0. 0.]
 [0. 0. 0. 0. 0. 0. 0.]
 [0. 0. 0. 0. 0. 0. 0.]
 [0. 0. 1. 0. 0. 0. 0.]
 [0. 0. 1. 2. 0. 0. 0.]
 [0. 0. 1. 2. 0. 0. 0.]]


[[0. 0. 0. 0. 0. 0. 0.]
 [0. 0. 0. 0. 0. 0. 0.]
 [0. 0. 0. 0. 0. 0. 0.]
 [0. 0. 1. 2. 0. 0. 0.]
 [0. 0. 1. 2. 0. 0. 0.]
 [0. 0. 1. 2. 0. 0. 0.]]


[[0. 0. 0. 0. 0. 0. 0.]
 [0. 0. 0. 0. 0. 0. 0.]
 [0. 0. 0. 1. 0. 0. 0.]
 [0. 0. 1. 2. 0. 0. 0.]
 [0. 0. 1. 2. 0. 0. 0.]
 [0. 0. 1. 2. 0. 0. 0.]]


[[0. 0. 0. 0. 0. 0. 0.]
 [0. 0. 0. 0. 0. 0. 0.]
 [0. 0. 2. 1. 0. 0. 0.]
 [0. 0. 1. 2. 0. 0. 0.]
 [0. 0. 1. 2. 0. 0. 0.]
 [0. 0. 1. 2. 0. 0. 0.]]


[[0. 0. 0. 0. 0. 0. 0.]
 [0. 0. 0. 0. 0. 0. 0.]
 [0. 0. 2. 1. 0. 0. 0.]
 [0. 0. 1. 2. 0. 0. 0.]
 [0. 0. 1. 2. 0. 0. 0.]
 [0. 1. 1. 2. 0. 0. 0.]]


[[0. 0. 0. 0. 0. 0. 0.]
 [0. 0. 0. 2. 0. 0. 0.]
 [0. 0. 2. 1. 0. 0. 0.]
 [0. 0. 1. 2. 0. 0. 0.]
 [0. 0. 1. 2. 0. 0. 0.]
 [0. 1. 1. 2. 0. 0. 0.]]


[[0. 0. 0. 0. 0. 0. 0.]
 [0. 0. 0. 2. 0. 0. 0.]
 [0. 0. 2. 1. 0. 0. 0.]
 [0. 0. 1. 2. 0. 0. 0.]
 [0. 1. 1. 2. 0. 0. 0.]
 [0. 1. 1. 2. 0. 0. 0.]]


[[0. 0. 0. 0. 0. 0. 0.]
 [0. 0. 2. 2. 0. 0. 0.]
 [0. 0. 2. 1. 0. 0. 0.]
 [0. 0. 1. 2. 0. 0. 0.]
 [0. 1. 1. 2. 0. 0. 0.]
 [0. 1. 1. 2. 0. 0. 0.]]


[[0. 0. 0. 0. 0. 0. 0.]
 [0. 0. 2. 2. 0. 0. 0.]
 [0. 0. 2. 1. 0. 0. 0.]
 [0. 1. 1. 2. 0. 0. 0.]
 [0. 1. 1. 2. 0. 0. 0.]
 [0. 1. 1. 2. 0. 0. 0.]]


[[0. 0. 0. 0. 0. 0. 0.]
 [0. 0. 2. 2. 0. 0. 0.]
 [0. 2. 2. 1. 0. 0. 0.]
 [0. 1. 1. 2. 0. 0. 0.]
 [0. 1. 1. 2. 0. 0. 0.]
 [0. 1. 1. 2. 0. 0. 0.]]


[[0. 0. 0. 0. 0. 0. 0.]
 [0. 0. 2. 2. 0. 0. 0.]
 [0. 2. 2. 1. 0. 0. 0.]
 [0. 1. 1. 2. 0. 0. 0.]
 [0. 1. 1. 2. 0. 0. 0.]
 [1. 1. 1. 2. 0. 0. 0.]]


Player Allan is the winner!
Daniel/Lucas vs Barth
[[0. 0. 0. 0. 0. 0. 0.]
 [0. 0. 0. 0. 0. 0. 0.]
 [0. 0. 0. 0. 0. 0. 0.]
 [0. 0. 0. 0. 0. 0. 0.]
 [0. 0. 0. 0. 0. 0. 0.]
 [0. 0. 0. 1. 0. 0. 0.]]


[[0. 0. 0. 0. 0. 0. 0.]
 [0. 0. 0. 0. 0. 0. 0.]
 [0. 0. 0. 0. 0. 0. 0.]
 [0. 0. 0. 0. 0. 0. 0.]
 [0. 0. 0. 0. 0. 0. 0.]
 [0. 0. 2. 1. 0. 0. 0.]]


[[0. 0. 0. 0. 0. 0. 0.]
 [0. 0. 0. 0. 0. 0. 0.]
 [0. 0. 0. 0. 0. 0. 0.]
 [0. 0. 0. 0. 0. 0. 0.]
 [0. 0. 0. 1. 0. 0. 0.]
 [0. 0. 2. 1. 0. 0. 0.]]


[[0. 0. 0. 0. 0. 0. 0.]
 [0. 0. 0. 0. 0. 0. 0.]
 [0. 0. 0. 0. 0. 0. 0.]
 [0. 0. 0. 0. 0. 0. 0.]
 [0. 0. 2. 1. 0. 0. 0.]
 [0. 0. 2. 1. 0. 0. 0.]]


[[0. 0. 0. 0. 0. 0. 0.]
 [0. 0. 0. 0. 0. 0. 0.]
 [0. 0. 0. 0. 0. 0. 0.]
 [0. 0. 0. 1. 0. 0. 0.]
 [0. 0. 2. 1. 0. 0. 0.]
 [0. 0. 2. 1. 0. 0. 0.]]


[[0. 0. 0. 0. 0. 0. 0.]
 [0. 0. 0. 0. 0. 0. 0.]
 [0. 0. 0. 2. 0. 0. 0.]
 [0. 0. 0. 1. 0. 0. 0.]
 [0. 0. 2. 1. 0. 0. 0.]
 [0. 0. 2. 1. 0. 0. 0.]]


[[0. 0. 0. 0. 0. 0. 0.]
 [0. 0. 0. 0. 0. 0. 0.]
 [0. 0. 0. 2. 0. 0. 0.]
 [0. 0. 1. 1. 0. 0. 0.]
 [0. 0. 2. 1. 0. 0. 0.]
 [0. 0. 2. 1. 0. 0. 0.]]


[[0. 0. 0. 0. 0. 0. 0.]
 [0. 0. 0. 0. 0. 0. 0.]
 [0. 0. 0. 2. 0. 0. 0.]
 [0. 0. 1. 1. 0. 0. 0.]
 [0. 0. 2. 1. 0. 0. 0.]
 [0. 2. 2. 1. 0. 0. 0.]]


[[0. 0. 0. 0. 0. 0. 0.]
 [0. 0. 0. 0. 0. 0. 0.]
 [0. 0. 1. 2. 0. 0. 0.]
 [0. 0. 1. 1. 0. 0. 0.]
 [0. 0. 2. 1. 0. 0. 0.]
 [0. 2. 2. 1. 0. 0. 0.]]


[[0. 0. 0. 0. 0. 0. 0.]
 [0. 0. 0. 0. 0. 0. 0.]
 [0. 0. 1. 2. 0. 0. 0.]
 [0. 0. 1. 1. 0. 0. 0.]
 [0. 2. 2. 1. 0. 0. 0.]
 [0. 2. 2. 1. 0. 0. 0.]]


[[0. 0. 0. 0. 0. 0. 0.]
 [0. 0. 0. 0. 0. 0. 0.]
 [0. 0. 1. 2. 0. 0. 0.]
 [0. 1. 1. 1. 0. 0. 0.]
 [0. 2. 2. 1. 0. 0. 0.]
 [0. 2. 2. 1. 0. 0. 0.]]


[[0. 0. 0. 0. 0. 0. 0.]
 [0. 0. 0. 0. 0. 0. 0.]
 [0. 0. 1. 2. 0. 0. 0.]
 [0. 1. 1. 1. 0. 0. 0.]
 [0. 2. 2. 1. 0. 0. 0.]
 [2. 2. 2. 1. 0. 0. 0.]]


[[0. 0. 0. 0. 0. 0. 0.]
 [0. 0. 0. 0. 0. 0. 0.]
 [0. 0. 1. 2. 0. 0. 0.]
 [0. 1. 1. 1. 0. 0. 0.]
 [1. 2. 2. 1. 0. 0. 0.]
 [2. 2. 2. 1. 0. 0. 0.]]


[[0. 0. 0. 0. 0. 0. 0.]
 [0. 0. 0. 0. 0. 0. 0.]
 [0. 0. 1. 2. 0. 0. 0.]
 [2. 1. 1. 1. 0. 0. 0.]
 [1. 2. 2. 1. 0. 0. 0.]
 [2. 2. 2. 1. 0. 0. 0.]]


[[0. 0. 0. 0. 0. 0. 0.]
 [0. 0. 0. 0. 0. 0. 0.]
 [1. 0. 1. 2. 0. 0. 0.]
 [2. 1. 1. 1. 0. 0. 0.]
 [1. 2. 2. 1. 0. 0. 0.]
 [2. 2. 2. 1. 0. 0. 0.]]


[[0. 0. 0. 0. 0. 0. 0.]
 [0. 0. 0. 2. 0. 0. 0.]
 [1. 0. 1. 2. 0. 0. 0.]
 [2. 1. 1. 1. 0. 0. 0.]
 [1. 2. 2. 1. 0. 0. 0.]
 [2. 2. 2. 1. 0. 0. 0.]]


[[0. 0. 0. 0. 0. 0. 0.]
 [0. 0. 0. 2. 0. 0. 0.]
 [1. 1. 1. 2. 0. 0. 0.]
 [2. 1. 1. 1. 0. 0. 0.]
 [1. 2. 2. 1. 0. 0. 0.]
 [2. 2. 2. 1. 0. 0. 0.]]


[[0. 0. 0. 0. 0. 0. 0.]
 [2. 0. 0. 2. 0. 0. 0.]
 [1. 1. 1. 2. 0. 0. 0.]
 [2. 1. 1. 1. 0. 0. 0.]
 [1. 2. 2. 1. 0. 0. 0.]
 [2. 2. 2. 1. 0. 0. 0.]]


[[1. 0. 0. 0. 0. 0. 0.]
 [2. 0. 0. 2. 0. 0. 0.]
 [1. 1. 1. 2. 0. 0. 0.]
 [2. 1. 1. 1. 0. 0. 0.]
 [1. 2. 2. 1. 0. 0. 0.]
 [2. 2. 2. 1. 0. 0. 0.]]


[[1. 0. 0. 0. 0. 0. 0.]
 [2. 2. 0. 2. 0. 0. 0.]
 [1. 1. 1. 2. 0. 0. 0.]
 [2. 1. 1. 1. 0. 0. 0.]
 [1. 2. 2. 1. 0. 0. 0.]
 [2. 2. 2. 1. 0. 0. 0.]]


[[1. 0. 0. 0. 0. 0. 0.]
 [2. 2. 1. 2. 0. 0. 0.]
 [1. 1. 1. 2. 0. 0. 0.]
 [2. 1. 1. 1. 0. 0. 0.]
 [1. 2. 2. 1. 0. 0. 0.]
 [2. 2. 2. 1. 0. 0. 0.]]


[[1. 0. 2. 0. 0. 0. 0.]
 [2. 2. 1. 2. 0. 0. 0.]
 [1. 1. 1. 2. 0. 0. 0.]
 [2. 1. 1. 1. 0. 0. 0.]
 [1. 2. 2. 1. 0. 0. 0.]
 [2. 2. 2. 1. 0. 0. 0.]]


[[1. 1. 2. 0. 0. 0. 0.]
 [2. 2. 1. 2. 0. 0. 0.]
 [1. 1. 1. 2. 0. 0. 0.]
 [2. 1. 1. 1. 0. 0. 0.]
 [1. 2. 2. 1. 0. 0. 0.]
 [2. 2. 2. 1. 0. 0. 0.]]


[[1. 1. 2. 0. 0. 0. 0.]
 [2. 2. 1. 2. 0. 0. 0.]
 [1. 1. 1. 2. 0. 0. 0.]
 [2. 1. 1. 1. 0. 0. 0.]
 [1. 2. 2. 1. 0. 0. 0.]
 [2. 2. 2. 1. 2. 0. 0.]]


[[1. 1. 2. 0. 0. 0. 0.]
 [2. 2. 1. 2. 0. 0. 0.]
 [1. 1. 1. 2. 0. 0. 0.]
 [2. 1. 1. 1. 0. 0. 0.]
 [1. 2. 2. 1. 1. 0. 0.]
 [2. 2. 2. 1. 2. 0. 0.]]


[[1. 1. 2. 0. 0. 0. 0.]
 [2. 2. 1. 2. 0. 0. 0.]
 [1. 1. 1. 2. 0. 0. 0.]
 [2. 1. 1. 1. 2. 0. 0.]
 [1. 2. 2. 1. 1. 0. 0.]
 [2. 2. 2. 1. 2. 0. 0.]]


[[1. 1. 2. 0. 0. 0. 0.]
 [2. 2. 1. 2. 0. 0. 0.]
 [1. 1. 1. 2. 0. 0. 0.]
 [2. 1. 1. 1. 2. 0. 0.]
 [1. 2. 2. 1. 1. 0. 0.]
 [2. 2. 2. 1. 2. 1. 0.]]


Player Daniel/Lucas is the winner!
Cheddar Player vs Barth
[[0. 0. 0. 0. 0. 0. 0.]
 [0. 0. 0. 0. 0. 0. 0.]
 [0. 0. 0. 0. 0. 0. 0.]
 [0. 0. 0. 0. 0. 0. 0.]
 [0. 0. 0. 0. 0. 0. 0.]
 [0. 0. 1. 0. 0. 0. 0.]]


[[0. 0. 0. 0. 0. 0. 0.]
 [0. 0. 0. 0. 0. 0. 0.]
 [0. 0. 0. 0. 0. 0. 0.]
 [0. 0. 0. 0. 0. 0. 0.]
 [0. 0. 0. 0. 0. 0. 0.]
 [0. 0. 1. 0. 0. 2. 0.]]


[[0. 0. 0. 0. 0. 0. 0.]
 [0. 0. 0. 0. 0. 0. 0.]
 [0. 0. 0. 0. 0. 0. 0.]
 [0. 0. 0. 0. 0. 0. 0.]
 [0. 0. 0. 0. 0. 0. 0.]
 [0. 0. 1. 0. 0. 2. 1.]]


[[0. 0. 0. 0. 0. 0. 0.]
 [0. 0. 0. 0. 0. 0. 0.]
 [0. 0. 0. 0. 0. 0. 0.]
 [0. 0. 0. 0. 0. 0. 0.]
 [0. 0. 0. 0. 0. 2. 0.]
 [0. 0. 1. 0. 0. 2. 1.]]


[[0. 0. 0. 0. 0. 0. 0.]
 [0. 0. 0. 0. 0. 0. 0.]
 [0. 0. 0. 0. 0. 0. 0.]
 [0. 0. 0. 0. 0. 1. 0.]
 [0. 0. 0. 0. 0. 2. 0.]
 [0. 0. 1. 0. 0. 2. 1.]]


[[0. 0. 0. 0. 0. 0. 0.]
 [0. 0. 0. 0. 0. 0. 0.]
 [0. 0. 0. 0. 0. 0. 0.]
 [0. 0. 0. 0. 0. 1. 0.]
 [0. 0. 0. 0. 0. 2. 0.]
 [0. 0. 1. 2. 0. 2. 1.]]


[[0. 0. 0. 0. 0. 0. 0.]
 [0. 0. 0. 0. 0. 0. 0.]
 [0. 0. 0. 0. 0. 0. 0.]
 [0. 0. 0. 0. 0. 1. 0.]
 [0. 0. 0. 0. 0. 2. 0.]
 [0. 0. 1. 2. 1. 2. 1.]]


[[0. 0. 0. 0. 0. 0. 0.]
 [0. 0. 0. 0. 0. 0. 0.]
 [0. 0. 0. 0. 0. 0. 0.]
 [0. 0. 0. 0. 0. 1. 0.]
 [0. 0. 0. 0. 2. 2. 0.]
 [0. 0. 1. 2. 1. 2. 1.]]


[[0. 0. 0. 0. 0. 0. 0.]
 [0. 0. 0. 0. 0. 0. 0.]
 [0. 0. 0. 0. 0. 0. 0.]
 [0. 0. 0. 0. 0. 1. 0.]
 [0. 0. 0. 1. 2. 2. 0.]
 [0. 0. 1. 2. 1. 2. 1.]]


[[0. 0. 0. 0. 0. 0. 0.]
 [0. 0. 0. 0. 0. 0. 0.]
 [0. 0. 0. 0. 0. 0. 0.]
 [0. 0. 0. 0. 2. 1. 0.]
 [0. 0. 0. 1. 2. 2. 0.]
 [0. 0. 1. 2. 1. 2. 1.]]


[[0. 0. 0. 0. 0. 0. 0.]
 [0. 0. 0. 0. 0. 0. 0.]
 [0. 0. 0. 0. 0. 0. 0.]
 [0. 0. 0. 1. 2. 1. 0.]
 [0. 0. 0. 1. 2. 2. 0.]
 [0. 0. 1. 2. 1. 2. 1.]]


[[0. 0. 0. 0. 0. 0. 0.]
 [0. 0. 0. 0. 0. 0. 0.]
 [0. 0. 0. 0. 2. 0. 0.]
 [0. 0. 0. 1. 2. 1. 0.]
 [0. 0. 0. 1. 2. 2. 0.]
 [0. 0. 1. 2. 1. 2. 1.]]


[[0. 0. 0. 0. 0. 0. 0.]
 [0. 0. 0. 0. 0. 0. 0.]
 [0. 0. 0. 0. 2. 0. 0.]
 [0. 0. 0. 1. 2. 1. 0.]
 [0. 0. 0. 1. 2. 2. 0.]
 [1. 0. 1. 2. 1. 2. 1.]]


[[0. 0. 0. 0. 0. 0. 0.]
 [0. 0. 0. 0. 2. 0. 0.]
 [0. 0. 0. 0. 2. 0. 0.]
 [0. 0. 0. 1. 2. 1. 0.]
 [0. 0. 0. 1. 2. 2. 0.]
 [1. 0. 1. 2. 1. 2. 1.]]


Player Barth is the winner!
Sushi vs Barth
[[0. 0. 0. 0. 0. 0. 0.]
 [0. 0. 0. 0. 0. 0. 0.]
 [0. 0. 0. 0. 0. 0. 0.]
 [0. 0. 0. 0. 0. 0. 0.]
 [0. 0. 0. 0. 0. 0. 0.]
 [0. 0. 0. 1. 0. 0. 0.]]


[[0. 0. 0. 0. 0. 0. 0.]
 [0. 0. 0. 0. 0. 0. 0.]
 [0. 0. 0. 0. 0. 0. 0.]
 [0. 0. 0. 0. 0. 0. 0.]
 [0. 0. 0. 0. 0. 0. 0.]
 [0. 0. 2. 1. 0. 0. 0.]]


[[0. 0. 0. 0. 0. 0. 0.]
 [0. 0. 0. 0. 0. 0. 0.]
 [0. 0. 0. 0. 0. 0. 0.]
 [0. 0. 0. 0. 0. 0. 0.]
 [0. 0. 0. 1. 0. 0. 0.]
 [0. 0. 2. 1. 0. 0. 0.]]


[[0. 0. 0. 0. 0. 0. 0.]
 [0. 0. 0. 0. 0. 0. 0.]
 [0. 0. 0. 0. 0. 0. 0.]
 [0. 0. 0. 0. 0. 0. 0.]
 [0. 0. 2. 1. 0. 0. 0.]
 [0. 0. 2. 1. 0. 0. 0.]]


[[0. 0. 0. 0. 0. 0. 0.]
 [0. 0. 0. 0. 0. 0. 0.]
 [0. 0. 0. 0. 0. 0. 0.]
 [0. 0. 1. 0. 0. 0. 0.]
 [0. 0. 2. 1. 0. 0. 0.]
 [0. 0. 2. 1. 0. 0. 0.]]


[[0. 0. 0. 0. 0. 0. 0.]
 [0. 0. 0. 0. 0. 0. 0.]
 [0. 0. 0. 0. 0. 0. 0.]
 [0. 0. 1. 2. 0. 0. 0.]
 [0. 0. 2. 1. 0. 0. 0.]
 [0. 0. 2. 1. 0. 0. 0.]]


[[0. 0. 0. 0. 0. 0. 0.]
 [0. 0. 0. 0. 0. 0. 0.]
 [0. 0. 0. 1. 0. 0. 0.]
 [0. 0. 1. 2. 0. 0. 0.]
 [0. 0. 2. 1. 0. 0. 0.]
 [0. 0. 2. 1. 0. 0. 0.]]


[[0. 0. 0. 0. 0. 0. 0.]
 [0. 0. 0. 0. 0. 0. 0.]
 [0. 0. 0. 1. 0. 0. 0.]
 [0. 0. 1. 2. 0. 0. 0.]
 [0. 0. 2. 1. 0. 0. 0.]
 [0. 2. 2. 1. 0. 0. 0.]]


[[0. 0. 0. 0. 0. 0. 0.]
 [0. 0. 0. 0. 0. 0. 0.]
 [0. 0. 0. 1. 0. 0. 0.]
 [0. 0. 1. 2. 0. 0. 0.]
 [0. 1. 2. 1. 0. 0. 0.]
 [0. 2. 2. 1. 0. 0. 0.]]


[[0. 0. 0. 0. 0. 0. 0.]
 [0. 0. 0. 0. 0. 0. 0.]
 [0. 0. 0. 1. 0. 0. 0.]
 [0. 0. 1. 2. 0. 0. 0.]
 [0. 1. 2. 1. 0. 0. 0.]
 [2. 2. 2. 1. 0. 0. 0.]]


[[0. 0. 0. 0. 0. 0. 0.]
 [0. 0. 0. 0. 0. 0. 0.]
 [0. 0. 0. 1. 0. 0. 0.]
 [0. 0. 1. 2. 0. 0. 0.]
 [0. 1. 2. 1. 0. 0. 0.]
 [2. 2. 2. 1. 1. 0. 0.]]


[[0. 0. 0. 0. 0. 0. 0.]
 [0. 0. 0. 0. 0. 0. 0.]
 [0. 0. 0. 1. 0. 0. 0.]
 [0. 0. 1. 2. 0. 0. 0.]
 [0. 1. 2. 1. 2. 0. 0.]
 [2. 2. 2. 1. 1. 0. 0.]]


[[0. 0. 0. 0. 0. 0. 0.]
 [0. 0. 0. 0. 0. 0. 0.]
 [0. 0. 0. 1. 0. 0. 0.]
 [0. 0. 1. 2. 1. 0. 0.]
 [0. 1. 2. 1. 2. 0. 0.]
 [2. 2. 2. 1. 1. 0. 0.]]


[[0. 0. 0. 0. 0. 0. 0.]
 [0. 0. 0. 0. 0. 0. 0.]
 [0. 0. 0. 1. 0. 0. 0.]
 [0. 0. 1. 2. 1. 0. 0.]
 [0. 1. 2. 1. 2. 0. 0.]
 [2. 2. 2. 1. 1. 2. 0.]]


[[0. 0. 0. 0. 0. 0. 0.]
 [0. 0. 0. 0. 0. 0. 0.]
 [0. 0. 1. 1. 0. 0. 0.]
 [0. 0. 1. 2. 1. 0. 0.]
 [0. 1. 2. 1. 2. 0. 0.]
 [2. 2. 2. 1. 1. 2. 0.]]


[[0. 0. 0. 0. 0. 0. 0.]
 [0. 0. 0. 0. 0. 0. 0.]
 [0. 0. 1. 1. 0. 0. 0.]
 [0. 0. 1. 2. 1. 0. 0.]
 [0. 1. 2. 1. 2. 2. 0.]
 [2. 2. 2. 1. 1. 2. 0.]]


[[0. 0. 0. 0. 0. 0. 0.]
 [0. 0. 0. 0. 0. 0. 0.]
 [0. 0. 1. 1. 1. 0. 0.]
 [0. 0. 1. 2. 1. 0. 0.]
 [0. 1. 2. 1. 2. 2. 0.]
 [2. 2. 2. 1. 1. 2. 0.]]


[[0. 0. 0. 0. 0. 0. 0.]
 [0. 0. 0. 0. 2. 0. 0.]
 [0. 0. 1. 1. 1. 0. 0.]
 [0. 0. 1. 2. 1. 0. 0.]
 [0. 1. 2. 1. 2. 2. 0.]
 [2. 2. 2. 1. 1. 2. 0.]]


[[0. 0. 0. 0. 0. 0. 0.]
 [0. 0. 0. 0. 2. 0. 0.]
 [0. 0. 1. 1. 1. 0. 0.]
 [0. 0. 1. 2. 1. 1. 0.]
 [0. 1. 2. 1. 2. 2. 0.]
 [2. 2. 2. 1. 1. 2. 0.]]


[[0. 0. 0. 0. 0. 0. 0.]
 [0. 0. 0. 0. 2. 0. 0.]
 [0. 0. 1. 1. 1. 2. 0.]
 [0. 0. 1. 2. 1. 1. 0.]
 [0. 1. 2. 1. 2. 2. 0.]
 [2. 2. 2. 1. 1. 2. 0.]]


[[0. 0. 0. 0. 0. 0. 0.]
 [0. 0. 0. 0. 2. 0. 0.]
 [0. 0. 1. 1. 1. 2. 0.]
 [0. 0. 1. 2. 1. 1. 0.]
 [1. 1. 2. 1. 2. 2. 0.]
 [2. 2. 2. 1. 1. 2. 0.]]


[[0. 0. 0. 0. 0. 0. 0.]
 [0. 0. 0. 0. 2. 2. 0.]
 [0. 0. 1. 1. 1. 2. 0.]
 [0. 0. 1. 2. 1. 1. 0.]
 [1. 1. 2. 1. 2. 2. 0.]
 [2. 2. 2. 1. 1. 2. 0.]]


[[0. 0. 0. 0. 0. 0. 0.]
 [0. 0. 1. 0. 2. 2. 0.]
 [0. 0. 1. 1. 1. 2. 0.]
 [0. 0. 1. 2. 1. 1. 0.]
 [1. 1. 2. 1. 2. 2. 0.]
 [2. 2. 2. 1. 1. 2. 0.]]


[[0. 0. 2. 0. 0. 0. 0.]
 [0. 0. 1. 0. 2. 2. 0.]
 [0. 0. 1. 1. 1. 2. 0.]
 [0. 0. 1. 2. 1. 1. 0.]
 [1. 1. 2. 1. 2. 2. 0.]
 [2. 2. 2. 1. 1. 2. 0.]]


[[0. 0. 2. 0. 0. 0. 0.]
 [0. 0. 1. 0. 2. 2. 0.]
 [0. 0. 1. 1. 1. 2. 0.]
 [1. 0. 1. 2. 1. 1. 0.]
 [1. 1. 2. 1. 2. 2. 0.]
 [2. 2. 2. 1. 1. 2. 0.]]


[[0. 0. 2. 0. 2. 0. 0.]
 [0. 0. 1. 0. 2. 2. 0.]
 [0. 0. 1. 1. 1. 2. 0.]
 [1. 0. 1. 2. 1. 1. 0.]
 [1. 1. 2. 1. 2. 2. 0.]
 [2. 2. 2. 1. 1. 2. 0.]]


[[0. 0. 2. 0. 2. 0. 0.]
 [0. 0. 1. 0. 2. 2. 0.]
 [1. 0. 1. 1. 1. 2. 0.]
 [1. 0. 1. 2. 1. 1. 0.]
 [1. 1. 2. 1. 2. 2. 0.]
 [2. 2. 2. 1. 1. 2. 0.]]


[[0. 0. 2. 0. 2. 0. 0.]
 [2. 0. 1. 0. 2. 2. 0.]
 [1. 0. 1. 1. 1. 2. 0.]
 [1. 0. 1. 2. 1. 1. 0.]
 [1. 1. 2. 1. 2. 2. 0.]
 [2. 2. 2. 1. 1. 2. 0.]]


[[0. 0. 2. 0. 2. 0. 0.]
 [2. 0. 1. 0. 2. 2. 0.]
 [1. 0. 1. 1. 1. 2. 0.]
 [1. 0. 1. 2. 1. 1. 0.]
 [1. 1. 2. 1. 2. 2. 0.]
 [2. 2. 2. 1. 1. 2. 1.]]


[[0. 0. 2. 0. 2. 2. 0.]
 [2. 0. 1. 0. 2. 2. 0.]
 [1. 0. 1. 1. 1. 2. 0.]
 [1. 0. 1. 2. 1. 1. 0.]
 [1. 1. 2. 1. 2. 2. 0.]
 [2. 2. 2. 1. 1. 2. 1.]]


[[0. 0. 2. 0. 2. 2. 0.]
 [2. 0. 1. 0. 2. 2. 0.]
 [1. 0. 1. 1. 1. 2. 0.]
 [1. 1. 1. 2. 1. 1. 0.]
 [1. 1. 2. 1. 2. 2. 0.]
 [2. 2. 2. 1. 1. 2. 1.]]


[[0. 0. 2. 0. 2. 2. 0.]
 [2. 0. 1. 0. 2. 2. 0.]
 [1. 2. 1. 1. 1. 2. 0.]
 [1. 1. 1. 2. 1. 1. 0.]
 [1. 1. 2. 1. 2. 2. 0.]
 [2. 2. 2. 1. 1. 2. 1.]]


[[0. 0. 2. 0. 2. 2. 0.]
 [2. 0. 1. 1. 2. 2. 0.]
 [1. 2. 1. 1. 1. 2. 0.]
 [1. 1. 1. 2. 1. 1. 0.]
 [1. 1. 2. 1. 2. 2. 0.]
 [2. 2. 2. 1. 1. 2. 1.]]


Player Sushi is the winner!
Allan vs Barth
[[0. 0. 0. 0. 0. 0. 0.]
 [0. 0. 0. 0. 0. 0. 0.]
 [0. 0. 0. 0. 0. 0. 0.]
 [0. 0. 0. 0. 0. 0. 0.]
 [0. 0. 0. 0. 0. 0. 0.]
 [0. 0. 1. 0. 0. 0. 0.]]


[[0. 0. 0. 0. 0. 0. 0.]
 [0. 0. 0. 0. 0. 0. 0.]
 [0. 0. 0. 0. 0. 0. 0.]
 [0. 0. 0. 0. 0. 0. 0.]
 [0. 0. 0. 0. 0. 0. 0.]
 [0. 0. 1. 0. 0. 2. 0.]]


[[0. 0. 0. 0. 0. 0. 0.]
 [0. 0. 0. 0. 0. 0. 0.]
 [0. 0. 0. 0. 0. 0. 0.]
 [0. 0. 0. 0. 0. 0. 0.]
 [0. 0. 0. 0. 0. 0. 0.]
 [0. 0. 1. 1. 0. 2. 0.]]


[[0. 0. 0. 0. 0. 0. 0.]
 [0. 0. 0. 0. 0. 0. 0.]
 [0. 0. 0. 0. 0. 0. 0.]
 [0. 0. 0. 0. 0. 0. 0.]
 [0. 0. 0. 0. 0. 2. 0.]
 [0. 0. 1. 1. 0. 2. 0.]]


[[0. 0. 0. 0. 0. 0. 0.]
 [0. 0. 0. 0. 0. 0. 0.]
 [0. 0. 0. 0. 0. 0. 0.]
 [0. 0. 0. 0. 0. 0. 0.]
 [0. 0. 0. 0. 0. 2. 0.]
 [1. 0. 1. 1. 0. 2. 0.]]


[[0. 0. 0. 0. 0. 0. 0.]
 [0. 0. 0. 0. 0. 0. 0.]
 [0. 0. 0. 0. 0. 0. 0.]
 [0. 0. 0. 0. 0. 2. 0.]
 [0. 0. 0. 0. 0. 2. 0.]
 [1. 0. 1. 1. 0. 2. 0.]]


[[0. 0. 0. 0. 0. 0. 0.]
 [0. 0. 0. 0. 0. 0. 0.]
 [0. 0. 0. 0. 0. 1. 0.]
 [0. 0. 0. 0. 0. 2. 0.]
 [0. 0. 0. 0. 0. 2. 0.]
 [1. 0. 1. 1. 0. 2. 0.]]


[[0. 0. 0. 0. 0. 0. 0.]
 [0. 0. 0. 0. 0. 0. 0.]
 [0. 0. 0. 0. 0. 1. 0.]
 [0. 0. 0. 0. 0. 2. 0.]
 [0. 0. 0. 0. 0. 2. 0.]
 [1. 0. 1. 1. 2. 2. 0.]]


[[0. 0. 0. 0. 0. 0. 0.]
 [0. 0. 0. 0. 0. 0. 0.]
 [0. 0. 0. 0. 0. 1. 0.]
 [0. 0. 0. 0. 0. 2. 0.]
 [0. 0. 1. 0. 0. 2. 0.]
 [1. 0. 1. 1. 2. 2. 0.]]


[[0. 0. 0. 0. 0. 0. 0.]
 [0. 0. 0. 0. 0. 0. 0.]
 [0. 0. 0. 0. 0. 1. 0.]
 [0. 0. 0. 0. 0. 2. 0.]
 [0. 0. 1. 0. 2. 2. 0.]
 [1. 0. 1. 1. 2. 2. 0.]]


[[0. 0. 0. 0. 0. 0. 0.]
 [0. 0. 0. 0. 0. 0. 0.]
 [0. 0. 0. 0. 0. 1. 0.]
 [0. 0. 1. 0. 0. 2. 0.]
 [0. 0. 1. 0. 2. 2. 0.]
 [1. 0. 1. 1. 2. 2. 0.]]


[[0. 0. 0. 0. 0. 0. 0.]
 [0. 0. 0. 0. 0. 0. 0.]
 [0. 0. 0. 0. 0. 1. 0.]
 [0. 0. 1. 0. 0. 2. 0.]
 [0. 0. 1. 0. 2. 2. 0.]
 [1. 2. 1. 1. 2. 2. 0.]]


[[0. 0. 0. 0. 0. 0. 0.]
 [0. 0. 0. 0. 0. 0. 0.]
 [0. 0. 0. 0. 0. 1. 0.]
 [0. 0. 1. 0. 1. 2. 0.]
 [0. 0. 1. 0. 2. 2. 0.]
 [1. 2. 1. 1. 2. 2. 0.]]


[[0. 0. 0. 0. 0. 0. 0.]
 [0. 0. 0. 0. 0. 0. 0.]
 [0. 0. 2. 0. 0. 1. 0.]
 [0. 0. 1. 0. 1. 2. 0.]
 [0. 0. 1. 0. 2. 2. 0.]
 [1. 2. 1. 1. 2. 2. 0.]]


[[0. 0. 0. 0. 0. 0. 0.]
 [0. 0. 0. 0. 0. 0. 0.]
 [0. 0. 2. 0. 0. 1. 0.]
 [0. 0. 1. 0. 1. 2. 0.]
 [0. 0. 1. 1. 2. 2. 0.]
 [1. 2. 1. 1. 2. 2. 0.]]


Player Allan is the winner!
Bru_Jose vs Barth
[[0. 0. 0. 0. 0. 0. 0.]
 [0. 0. 0. 0. 0. 0. 0.]
 [0. 0. 0. 0. 0. 0. 0.]
 [0. 0. 0. 0. 0. 0. 0.]
 [0. 0. 0. 0. 0. 0. 0.]
 [0. 0. 0. 1. 0. 0. 0.]]


[[0. 0. 0. 0. 0. 0. 0.]
 [0. 0. 0. 0. 0. 0. 0.]
 [0. 0. 0. 0. 0. 0. 0.]
 [0. 0. 0. 0. 0. 0. 0.]
 [0. 0. 0. 0. 0. 0. 0.]
 [0. 0. 2. 1. 0. 0. 0.]]


[[0. 0. 0. 0. 0. 0. 0.]
 [0. 0. 0. 0. 0. 0. 0.]
 [0. 0. 0. 0. 0. 0. 0.]
 [0. 0. 0. 0. 0. 0. 0.]
 [0. 0. 0. 1. 0. 0. 0.]
 [0. 0. 2. 1. 0. 0. 0.]]


[[0. 0. 0. 0. 0. 0. 0.]
 [0. 0. 0. 0. 0. 0. 0.]
 [0. 0. 0. 0. 0. 0. 0.]
 [0. 0. 0. 0. 0. 0. 0.]
 [0. 0. 2. 1. 0. 0. 0.]
 [0. 0. 2. 1. 0. 0. 0.]]


[[0. 0. 0. 0. 0. 0. 0.]
 [0. 0. 0. 0. 0. 0. 0.]
 [0. 0. 0. 0. 0. 0. 0.]
 [0. 0. 0. 1. 0. 0. 0.]
 [0. 0. 2. 1. 0. 0. 0.]
 [0. 0. 2. 1. 0. 0. 0.]]


[[0. 0. 0. 0. 0. 0. 0.]
 [0. 0. 0. 0. 0. 0. 0.]
 [0. 0. 0. 2. 0. 0. 0.]
 [0. 0. 0. 1. 0. 0. 0.]
 [0. 0. 2. 1. 0. 0. 0.]
 [0. 0. 2. 1. 0. 0. 0.]]


[[0. 0. 0. 0. 0. 0. 0.]
 [0. 0. 0. 0. 0. 0. 0.]
 [0. 0. 0. 2. 0. 0. 0.]
 [0. 0. 1. 1. 0. 0. 0.]
 [0. 0. 2. 1. 0. 0. 0.]
 [0. 0. 2. 1. 0. 0. 0.]]


[[0. 0. 0. 0. 0. 0. 0.]
 [0. 0. 0. 0. 0. 0. 0.]
 [0. 0. 0. 2. 0. 0. 0.]
 [0. 0. 1. 1. 0. 0. 0.]
 [0. 0. 2. 1. 0. 0. 0.]
 [0. 2. 2. 1. 0. 0. 0.]]


[[0. 0. 0. 0. 0. 0. 0.]
 [0. 0. 0. 0. 0. 0. 0.]
 [0. 0. 1. 2. 0. 0. 0.]
 [0. 0. 1. 1. 0. 0. 0.]
 [0. 0. 2. 1. 0. 0. 0.]
 [0. 2. 2. 1. 0. 0. 0.]]


[[0. 0. 0. 0. 0. 0. 0.]
 [0. 0. 0. 0. 0. 0. 0.]
 [0. 0. 1. 2. 0. 0. 0.]
 [0. 0. 1. 1. 0. 0. 0.]
 [0. 2. 2. 1. 0. 0. 0.]
 [0. 2. 2. 1. 0. 0. 0.]]


[[0. 0. 0. 0. 0. 0. 0.]
 [0. 0. 0. 0. 0. 0. 0.]
 [0. 0. 1. 2. 0. 0. 0.]
 [0. 1. 1. 1. 0. 0. 0.]
 [0. 2. 2. 1. 0. 0. 0.]
 [0. 2. 2. 1. 0. 0. 0.]]


[[0. 0. 0. 0. 0. 0. 0.]
 [0. 0. 0. 0. 0. 0. 0.]
 [0. 0. 1. 2. 0. 0. 0.]
 [0. 1. 1. 1. 0. 0. 0.]
 [0. 2. 2. 1. 0. 0. 0.]
 [2. 2. 2. 1. 0. 0. 0.]]


[[0. 0. 0. 0. 0. 0. 0.]
 [0. 0. 0. 0. 0. 0. 0.]
 [0. 1. 1. 2. 0. 0. 0.]
 [0. 1. 1. 1. 0. 0. 0.]
 [0. 2. 2. 1. 0. 0. 0.]
 [2. 2. 2. 1. 0. 0. 0.]]


[[0. 0. 0. 0. 0. 0. 0.]
 [0. 0. 0. 0. 0. 0. 0.]
 [0. 1. 1. 2. 0. 0. 0.]
 [0. 1. 1. 1. 0. 0. 0.]
 [0. 2. 2. 1. 0. 0. 0.]
 [2. 2. 2. 1. 2. 0. 0.]]


[[0. 0. 0. 0. 0. 0. 0.]
 [0. 0. 0. 0. 0. 0. 0.]
 [0. 1. 1. 2. 0. 0. 0.]
 [0. 1. 1. 1. 0. 0. 0.]
 [0. 2. 2. 1. 1. 0. 0.]
 [2. 2. 2. 1. 2. 0. 0.]]


[[0. 0. 0. 0. 0. 0. 0.]
 [0. 2. 0. 0. 0. 0. 0.]
 [0. 1. 1. 2. 0. 0. 0.]
 [0. 1. 1. 1. 0. 0. 0.]
 [0. 2. 2. 1. 1. 0. 0.]
 [2. 2. 2. 1. 2. 0. 0.]]


[[0. 0. 0. 0. 0. 0. 0.]
 [0. 2. 0. 0. 0. 0. 0.]
 [0. 1. 1. 2. 0. 0. 0.]
 [0. 1. 1. 1. 1. 0. 0.]
 [0. 2. 2. 1. 1. 0. 0.]
 [2. 2. 2. 1. 2. 0. 0.]]


Player Bru_Jose is the winner!
Cheddar Player vs Daniel/Lucas
[[0. 0. 0. 0. 0. 0. 0.]
 [0. 0. 0. 0. 0. 0. 0.]
 [0. 0. 0. 0. 0. 0. 0.]
 [0. 0. 0. 0. 0. 0. 0.]
 [0. 0. 0. 0. 0. 0. 0.]
 [0. 0. 1. 0. 0. 0. 0.]]


[[0. 0. 0. 0. 0. 0. 0.]
 [0. 0. 0. 0. 0. 0. 0.]
 [0. 0. 0. 0. 0. 0. 0.]
 [0. 0. 0. 0. 0. 0. 0.]
 [0. 0. 2. 0. 0. 0. 0.]
 [0. 0. 1. 0. 0. 0. 0.]]


[[0. 0. 0. 0. 0. 0. 0.]
 [0. 0. 0. 0. 0. 0. 0.]
 [0. 0. 0. 0. 0. 0. 0.]
 [0. 0. 1. 0. 0. 0. 0.]
 [0. 0. 2. 0. 0. 0. 0.]
 [0. 0. 1. 0. 0. 0. 0.]]


[[0. 0. 0. 0. 0. 0. 0.]
 [0. 0. 0. 0. 0. 0. 0.]
 [0. 0. 0. 0. 0. 0. 0.]
 [0. 0. 1. 0. 0. 0. 0.]
 [0. 0. 2. 0. 0. 0. 0.]
 [0. 0. 1. 2. 0. 0. 0.]]


[[0. 0. 0. 0. 0. 0. 0.]
 [0. 0. 0. 0. 0. 0. 0.]
 [0. 0. 0. 0. 0. 0. 0.]
 [0. 0. 1. 0. 0. 0. 0.]
 [0. 0. 2. 0. 0. 0. 0.]
 [1. 0. 1. 2. 0. 0. 0.]]


[[0. 0. 0. 0. 0. 0. 0.]
 [0. 0. 0. 0. 0. 0. 0.]
 [0. 0. 2. 0. 0. 0. 0.]
 [0. 0. 1. 0. 0. 0. 0.]
 [0. 0. 2. 0. 0. 0. 0.]
 [1. 0. 1. 2. 0. 0. 0.]]


[[0. 0. 0. 0. 0. 0. 0.]
 [0. 0. 0. 0. 0. 0. 0.]
 [0. 0. 2. 0. 0. 0. 0.]
 [0. 0. 1. 0. 0. 0. 0.]
 [1. 0. 2. 0. 0. 0. 0.]
 [1. 0. 1. 2. 0. 0. 0.]]


[[0. 0. 0. 0. 0. 0. 0.]
 [0. 0. 0. 0. 0. 0. 0.]
 [0. 0. 2. 0. 0. 0. 0.]
 [0. 0. 1. 0. 0. 0. 0.]
 [1. 0. 2. 2. 0. 0. 0.]
 [1. 0. 1. 2. 0. 0. 0.]]


[[0. 0. 0. 0. 0. 0. 0.]
 [0. 0. 0. 0. 0. 0. 0.]
 [0. 0. 2. 0. 0. 0. 0.]
 [1. 0. 1. 0. 0. 0. 0.]
 [1. 0. 2. 2. 0. 0. 0.]
 [1. 0. 1. 2. 0. 0. 0.]]


[[0. 0. 0. 0. 0. 0. 0.]
 [0. 0. 0. 0. 0. 0. 0.]
 [2. 0. 2. 0. 0. 0. 0.]
 [1. 0. 1. 0. 0. 0. 0.]
 [1. 0. 2. 2. 0. 0. 0.]
 [1. 0. 1. 2. 0. 0. 0.]]


[[0. 0. 0. 0. 0. 0. 0.]
 [1. 0. 0. 0. 0. 0. 0.]
 [2. 0. 2. 0. 0. 0. 0.]
 [1. 0. 1. 0. 0. 0. 0.]
 [1. 0. 2. 2. 0. 0. 0.]
 [1. 0. 1. 2. 0. 0. 0.]]


[[0. 0. 0. 0. 0. 0. 0.]
 [1. 0. 0. 0. 0. 0. 0.]
 [2. 0. 2. 0. 0. 0. 0.]
 [1. 0. 1. 0. 0. 0. 0.]
 [1. 0. 2. 2. 0. 0. 0.]
 [1. 0. 1. 2. 2. 0. 0.]]


[[1. 0. 0. 0. 0. 0. 0.]
 [1. 0. 0. 0. 0. 0. 0.]
 [2. 0. 2. 0. 0. 0. 0.]
 [1. 0. 1. 0. 0. 0. 0.]
 [1. 0. 2. 2. 0. 0. 0.]
 [1. 0. 1. 2. 2. 0. 0.]]


[[1. 0. 0. 0. 0. 0. 0.]
 [1. 0. 0. 0. 0. 0. 0.]
 [2. 0. 2. 0. 0. 0. 0.]
 [1. 0. 1. 2. 0. 0. 0.]
 [1. 0. 2. 2. 0. 0. 0.]
 [1. 0. 1. 2. 2. 0. 0.]]


[[1. 0. 0. 0. 0. 0. 0.]
 [1. 0. 0. 0. 0. 0. 0.]
 [2. 0. 2. 0. 0. 0. 0.]
 [1. 0. 1. 2. 0. 0. 0.]
 [1. 0. 2. 2. 0. 0. 0.]
 [1. 1. 1. 2. 2. 0. 0.]]


[[1. 0. 0. 0. 0. 0. 0.]
 [1. 0. 0. 0. 0. 0. 0.]
 [2. 0. 2. 0. 0. 0. 0.]
 [1. 0. 1. 2. 0. 0. 0.]
 [1. 2. 2. 2. 0. 0. 0.]
 [1. 1. 1. 2. 2. 0. 0.]]


[[1. 0. 0. 0. 0. 0. 0.]
 [1. 0. 0. 0. 0. 0. 0.]
 [2. 0. 2. 0. 0. 0. 0.]
 [1. 1. 1. 2. 0. 0. 0.]
 [1. 2. 2. 2. 0. 0. 0.]
 [1. 1. 1. 2. 2. 0. 0.]]


[[1. 0. 0. 0. 0. 0. 0.]
 [1. 0. 0. 0. 0. 0. 0.]
 [2. 2. 2. 0. 0. 0. 0.]
 [1. 1. 1. 2. 0. 0. 0.]
 [1. 2. 2. 2. 0. 0. 0.]
 [1. 1. 1. 2. 2. 0. 0.]]


[[1. 0. 0. 0. 0. 0. 0.]
 [1. 1. 0. 0. 0. 0. 0.]
 [2. 2. 2. 0. 0. 0. 0.]
 [1. 1. 1. 2. 0. 0. 0.]
 [1. 2. 2. 2. 0. 0. 0.]
 [1. 1. 1. 2. 2. 0. 0.]]


[[1. 2. 0. 0. 0. 0. 0.]
 [1. 1. 0. 0. 0. 0. 0.]
 [2. 2. 2. 0. 0. 0. 0.]
 [1. 1. 1. 2. 0. 0. 0.]
 [1. 2. 2. 2. 0. 0. 0.]
 [1. 1. 1. 2. 2. 0. 0.]]


[[1. 2. 0. 0. 0. 0. 0.]
 [1. 1. 1. 0. 0. 0. 0.]
 [2. 2. 2. 0. 0. 0. 0.]
 [1. 1. 1. 2. 0. 0. 0.]
 [1. 2. 2. 2. 0. 0. 0.]
 [1. 1. 1. 2. 2. 0. 0.]]


[[1. 2. 2. 0. 0. 0. 0.]
 [1. 1. 1. 0. 0. 0. 0.]
 [2. 2. 2. 0. 0. 0. 0.]
 [1. 1. 1. 2. 0. 0. 0.]
 [1. 2. 2. 2. 0. 0. 0.]
 [1. 1. 1. 2. 2. 0. 0.]]


[[1. 2. 2. 0. 0. 0. 0.]
 [1. 1. 1. 0. 0. 0. 0.]
 [2. 2. 2. 1. 0. 0. 0.]
 [1. 1. 1. 2. 0. 0. 0.]
 [1. 2. 2. 2. 0. 0. 0.]
 [1. 1. 1. 2. 2. 0. 0.]]


[[1. 2. 2. 0. 0. 0. 0.]
 [1. 1. 1. 0. 0. 0. 0.]
 [2. 2. 2. 1. 0. 0. 0.]
 [1. 1. 1. 2. 0. 0. 0.]
 [1. 2. 2. 2. 2. 0. 0.]
 [1. 1. 1. 2. 2. 0. 0.]]


Player Daniel/Lucas is the winner!
Sushi vs Daniel/Lucas
[[0. 0. 0. 0. 0. 0. 0.]
 [0. 0. 0. 0. 0. 0. 0.]
 [0. 0. 0. 0. 0. 0. 0.]
 [0. 0. 0. 0. 0. 0. 0.]
 [0. 0. 0. 0. 0. 0. 0.]
 [0. 0. 0. 1. 0. 0. 0.]]


[[0. 0. 0. 0. 0. 0. 0.]
 [0. 0. 0. 0. 0. 0. 0.]
 [0. 0. 0. 0. 0. 0. 0.]
 [0. 0. 0. 0. 0. 0. 0.]
 [0. 0. 0. 2. 0. 0. 0.]
 [0. 0. 0. 1. 0. 0. 0.]]


[[0. 0. 0. 0. 0. 0. 0.]
 [0. 0. 0. 0. 0. 0. 0.]
 [0. 0. 0. 0. 0. 0. 0.]
 [0. 0. 0. 0. 0. 0. 0.]
 [0. 0. 0. 2. 0. 0. 0.]
 [0. 0. 1. 1. 0. 0. 0.]]


[[0. 0. 0. 0. 0. 0. 0.]
 [0. 0. 0. 0. 0. 0. 0.]
 [0. 0. 0. 0. 0. 0. 0.]
 [0. 0. 0. 0. 0. 0. 0.]
 [0. 0. 0. 2. 0. 0. 0.]
 [0. 0. 1. 1. 2. 0. 0.]]


[[0. 0. 0. 0. 0. 0. 0.]
 [0. 0. 0. 0. 0. 0. 0.]
 [0. 0. 0. 0. 0. 0. 0.]
 [0. 0. 0. 0. 0. 0. 0.]
 [0. 0. 0. 2. 0. 0. 0.]
 [0. 1. 1. 1. 2. 0. 0.]]


[[0. 0. 0. 0. 0. 0. 0.]
 [0. 0. 0. 0. 0. 0. 0.]
 [0. 0. 0. 0. 0. 0. 0.]
 [0. 0. 0. 0. 0. 0. 0.]
 [0. 0. 0. 2. 0. 0. 0.]
 [2. 1. 1. 1. 2. 0. 0.]]


[[0. 0. 0. 0. 0. 0. 0.]
 [0. 0. 0. 0. 0. 0. 0.]
 [0. 0. 0. 0. 0. 0. 0.]
 [0. 0. 0. 0. 0. 0. 0.]
 [0. 0. 1. 2. 0. 0. 0.]
 [2. 1. 1. 1. 2. 0. 0.]]


[[0. 0. 0. 0. 0. 0. 0.]
 [0. 0. 0. 0. 0. 0. 0.]
 [0. 0. 0. 0. 0. 0. 0.]
 [0. 0. 0. 2. 0. 0. 0.]
 [0. 0. 1. 2. 0. 0. 0.]
 [2. 1. 1. 1. 2. 0. 0.]]


[[0. 0. 0. 0. 0. 0. 0.]
 [0. 0. 0. 0. 0. 0. 0.]
 [0. 0. 0. 0. 0. 0. 0.]
 [0. 0. 0. 2. 0. 0. 0.]
 [0. 1. 1. 2. 0. 0. 0.]
 [2. 1. 1. 1. 2. 0. 0.]]


[[0. 0. 0. 0. 0. 0. 0.]
 [0. 0. 0. 0. 0. 0. 0.]
 [0. 0. 0. 0. 0. 0. 0.]
 [0. 0. 2. 2. 0. 0. 0.]
 [0. 1. 1. 2. 0. 0. 0.]
 [2. 1. 1. 1. 2. 0. 0.]]


[[0. 0. 0. 0. 0. 0. 0.]
 [0. 0. 0. 0. 0. 0. 0.]
 [0. 0. 0. 0. 0. 0. 0.]
 [0. 0. 2. 2. 0. 0. 0.]
 [0. 1. 1. 2. 0. 0. 0.]
 [2. 1. 1. 1. 2. 0. 1.]]


[[0. 0. 0. 0. 0. 0. 0.]
 [0. 0. 0. 0. 0. 0. 0.]
 [0. 0. 2. 0. 0. 0. 0.]
 [0. 0. 2. 2. 0. 0. 0.]
 [0. 1. 1. 2. 0. 0. 0.]
 [2. 1. 1. 1. 2. 0. 1.]]


[[0. 0. 0. 0. 0. 0. 0.]
 [0. 0. 0. 0. 0. 0. 0.]
 [0. 0. 2. 0. 0. 0. 0.]
 [0. 0. 2. 2. 0. 0. 0.]
 [0. 1. 1. 2. 0. 0. 1.]
 [2. 1. 1. 1. 2. 0. 1.]]


[[0. 0. 0. 0. 0. 0. 0.]
 [0. 0. 0. 0. 0. 0. 0.]
 [0. 0. 2. 0. 0. 0. 0.]
 [0. 2. 2. 2. 0. 0. 0.]
 [0. 1. 1. 2. 0. 0. 1.]
 [2. 1. 1. 1. 2. 0. 1.]]


[[0. 0. 0. 0. 0. 0. 0.]
 [0. 0. 0. 0. 0. 0. 0.]
 [0. 1. 2. 0. 0. 0. 0.]
 [0. 2. 2. 2. 0. 0. 0.]
 [0. 1. 1. 2. 0. 0. 1.]
 [2. 1. 1. 1. 2. 0. 1.]]


[[0. 0. 0. 0. 0. 0. 0.]
 [0. 0. 0. 0. 0. 0. 0.]
 [0. 1. 2. 0. 0. 0. 0.]
 [0. 2. 2. 2. 0. 0. 0.]
 [2. 1. 1. 2. 0. 0. 1.]
 [2. 1. 1. 1. 2. 0. 1.]]


[[0. 0. 0. 0. 0. 0. 0.]
 [0. 0. 0. 0. 0. 0. 0.]
 [0. 1. 2. 0. 0. 0. 0.]
 [1. 2. 2. 2. 0. 0. 0.]
 [2. 1. 1. 2. 0. 0. 1.]
 [2. 1. 1. 1. 2. 0. 1.]]


[[0. 0. 0. 0. 0. 0. 0.]
 [0. 2. 0. 0. 0. 0. 0.]
 [0. 1. 2. 0. 0. 0. 0.]
 [1. 2. 2. 2. 0. 0. 0.]
 [2. 1. 1. 2. 0. 0. 1.]
 [2. 1. 1. 1. 2. 0. 1.]]


[[0. 0. 0. 0. 0. 0. 0.]
 [0. 2. 0. 0. 0. 0. 0.]
 [0. 1. 2. 0. 0. 0. 0.]
 [1. 2. 2. 2. 0. 0. 0.]
 [2. 1. 1. 2. 1. 0. 1.]
 [2. 1. 1. 1. 2. 0. 1.]]


[[0. 0. 0. 0. 0. 0. 0.]
 [0. 2. 2. 0. 0. 0. 0.]
 [0. 1. 2. 0. 0. 0. 0.]
 [1. 2. 2. 2. 0. 0. 0.]
 [2. 1. 1. 2. 1. 0. 1.]
 [2. 1. 1. 1. 2. 0. 1.]]


[[0. 0. 1. 0. 0. 0. 0.]
 [0. 2. 2. 0. 0. 0. 0.]
 [0. 1. 2. 0. 0. 0. 0.]
 [1. 2. 2. 2. 0. 0. 0.]
 [2. 1. 1. 2. 1. 0. 1.]
 [2. 1. 1. 1. 2. 0. 1.]]


[[0. 0. 1. 0. 0. 0. 0.]
 [0. 2. 2. 0. 0. 0. 0.]
 [0. 1. 2. 2. 0. 0. 0.]
 [1. 2. 2. 2. 0. 0. 0.]
 [2. 1. 1. 2. 1. 0. 1.]
 [2. 1. 1. 1. 2. 0. 1.]]


[[0. 0. 1. 0. 0. 0. 0.]
 [0. 2. 2. 1. 0. 0. 0.]
 [0. 1. 2. 2. 0. 0. 0.]
 [1. 2. 2. 2. 0. 0. 0.]
 [2. 1. 1. 2. 1. 0. 1.]
 [2. 1. 1. 1. 2. 0. 1.]]


[[0. 0. 1. 0. 0. 0. 0.]
 [0. 2. 2. 1. 0. 0. 0.]
 [0. 1. 2. 2. 0. 0. 0.]
 [1. 2. 2. 2. 2. 0. 0.]
 [2. 1. 1. 2. 1. 0. 1.]
 [2. 1. 1. 1. 2. 0. 1.]]


Player Daniel/Lucas is the winner!
Allan vs Daniel/Lucas
[[0. 0. 0. 0. 0. 0. 0.]
 [0. 0. 0. 0. 0. 0. 0.]
 [0. 0. 0. 0. 0. 0. 0.]
 [0. 0. 0. 0. 0. 0. 0.]
 [0. 0. 0. 0. 0. 0. 0.]
 [0. 0. 1. 0. 0. 0. 0.]]


[[0. 0. 0. 0. 0. 0. 0.]
 [0. 0. 0. 0. 0. 0. 0.]
 [0. 0. 0. 0. 0. 0. 0.]
 [0. 0. 0. 0. 0. 0. 0.]
 [0. 0. 2. 0. 0. 0. 0.]
 [0. 0. 1. 0. 0. 0. 0.]]


[[0. 0. 0. 0. 0. 0. 0.]
 [0. 0. 0. 0. 0. 0. 0.]
 [0. 0. 0. 0. 0. 0. 0.]
 [0. 0. 0. 0. 0. 0. 0.]
 [0. 0. 2. 0. 0. 0. 0.]
 [0. 0. 1. 1. 0. 0. 0.]]


[[0. 0. 0. 0. 0. 0. 0.]
 [0. 0. 0. 0. 0. 0. 0.]
 [0. 0. 0. 0. 0. 0. 0.]
 [0. 0. 0. 0. 0. 0. 0.]
 [0. 0. 2. 0. 0. 0. 0.]
 [0. 2. 1. 1. 0. 0. 0.]]


[[0. 0. 0. 0. 0. 0. 0.]
 [0. 0. 0. 0. 0. 0. 0.]
 [0. 0. 0. 0. 0. 0. 0.]
 [0. 0. 0. 0. 0. 0. 0.]
 [0. 0. 2. 0. 0. 0. 0.]
 [0. 2. 1. 1. 1. 0. 0.]]


[[0. 0. 0. 0. 0. 0. 0.]
 [0. 0. 0. 0. 0. 0. 0.]
 [0. 0. 0. 0. 0. 0. 0.]
 [0. 0. 0. 0. 0. 0. 0.]
 [0. 0. 2. 0. 0. 0. 0.]
 [0. 2. 1. 1. 1. 2. 0.]]


[[0. 0. 0. 0. 0. 0. 0.]
 [0. 0. 0. 0. 0. 0. 0.]
 [0. 0. 0. 0. 0. 0. 0.]
 [0. 0. 0. 0. 0. 0. 0.]
 [0. 0. 2. 1. 0. 0. 0.]
 [0. 2. 1. 1. 1. 2. 0.]]


[[0. 0. 0. 0. 0. 0. 0.]
 [0. 0. 0. 0. 0. 0. 0.]
 [0. 0. 0. 0. 0. 0. 0.]
 [0. 0. 0. 2. 0. 0. 0.]
 [0. 0. 2. 1. 0. 0. 0.]
 [0. 2. 1. 1. 1. 2. 0.]]


[[0. 0. 0. 0. 0. 0. 0.]
 [0. 0. 0. 0. 0. 0. 0.]
 [0. 0. 0. 0. 0. 0. 0.]
 [0. 0. 0. 2. 0. 0. 0.]
 [0. 0. 2. 1. 1. 0. 0.]
 [0. 2. 1. 1. 1. 2. 0.]]


[[0. 0. 0. 0. 0. 0. 0.]
 [0. 0. 0. 0. 0. 0. 0.]
 [0. 0. 0. 0. 0. 0. 0.]
 [0. 0. 2. 2. 0. 0. 0.]
 [0. 0. 2. 1. 1. 0. 0.]
 [0. 2. 1. 1. 1. 2. 0.]]


[[0. 0. 0. 0. 0. 0. 0.]
 [0. 0. 0. 0. 0. 0. 0.]
 [0. 0. 0. 0. 0. 0. 0.]
 [0. 0. 2. 2. 1. 0. 0.]
 [0. 0. 2. 1. 1. 0. 0.]
 [0. 2. 1. 1. 1. 2. 0.]]


[[0. 0. 0. 0. 0. 0. 0.]
 [0. 0. 0. 0. 0. 0. 0.]
 [0. 0. 0. 0. 2. 0. 0.]
 [0. 0. 2. 2. 1. 0. 0.]
 [0. 0. 2. 1. 1. 0. 0.]
 [0. 2. 1. 1. 1. 2. 0.]]


Player Daniel/Lucas is the winner!
Bru_Jose vs Daniel/Lucas
[[0. 0. 0. 0. 0. 0. 0.]
 [0. 0. 0. 0. 0. 0. 0.]
 [0. 0. 0. 0. 0. 0. 0.]
 [0. 0. 0. 0. 0. 0. 0.]
 [0. 0. 0. 0. 0. 0. 0.]
 [0. 0. 0. 1. 0. 0. 0.]]


[[0. 0. 0. 0. 0. 0. 0.]
 [0. 0. 0. 0. 0. 0. 0.]
 [0. 0. 0. 0. 0. 0. 0.]
 [0. 0. 0. 0. 0. 0. 0.]
 [0. 0. 0. 2. 0. 0. 0.]
 [0. 0. 0. 1. 0. 0. 0.]]


[[0. 0. 0. 0. 0. 0. 0.]
 [0. 0. 0. 0. 0. 0. 0.]
 [0. 0. 0. 0. 0. 0. 0.]
 [0. 0. 0. 0. 0. 0. 0.]
 [0. 0. 0. 2. 0. 0. 0.]
 [0. 0. 1. 1. 0. 0. 0.]]


[[0. 0. 0. 0. 0. 0. 0.]
 [0. 0. 0. 0. 0. 0. 0.]
 [0. 0. 0. 0. 0. 0. 0.]
 [0. 0. 0. 0. 0. 0. 0.]
 [0. 0. 0. 2. 0. 0. 0.]
 [0. 0. 1. 1. 2. 0. 0.]]


[[0. 0. 0. 0. 0. 0. 0.]
 [0. 0. 0. 0. 0. 0. 0.]
 [0. 0. 0. 0. 0. 0. 0.]
 [0. 0. 0. 0. 0. 0. 0.]
 [0. 0. 1. 2. 0. 0. 0.]
 [0. 0. 1. 1. 2. 0. 0.]]


[[0. 0. 0. 0. 0. 0. 0.]
 [0. 0. 0. 0. 0. 0. 0.]
 [0. 0. 0. 0. 0. 0. 0.]
 [0. 0. 2. 0. 0. 0. 0.]
 [0. 0. 1. 2. 0. 0. 0.]
 [0. 0. 1. 1. 2. 0. 0.]]


[[0. 0. 0. 0. 0. 0. 0.]
 [0. 0. 0. 0. 0. 0. 0.]
 [0. 0. 0. 0. 0. 0. 0.]
 [0. 0. 2. 1. 0. 0. 0.]
 [0. 0. 1. 2. 0. 0. 0.]
 [0. 0. 1. 1. 2. 0. 0.]]


[[0. 0. 0. 0. 0. 0. 0.]
 [0. 0. 0. 0. 0. 0. 0.]
 [0. 0. 0. 2. 0. 0. 0.]
 [0. 0. 2. 1. 0. 0. 0.]
 [0. 0. 1. 2. 0. 0. 0.]
 [0. 0. 1. 1. 2. 0. 0.]]


[[0. 0. 0. 0. 0. 0. 0.]
 [0. 0. 0. 0. 0. 0. 0.]
 [0. 0. 1. 2. 0. 0. 0.]
 [0. 0. 2. 1. 0. 0. 0.]
 [0. 0. 1. 2. 0. 0. 0.]
 [0. 0. 1. 1. 2. 0. 0.]]


[[0. 0. 0. 0. 0. 0. 0.]
 [0. 0. 0. 0. 0. 0. 0.]
 [0. 0. 1. 2. 0. 0. 0.]
 [0. 0. 2. 1. 0. 0. 0.]
 [0. 0. 1. 2. 2. 0. 0.]
 [0. 0. 1. 1. 2. 0. 0.]]


[[0. 0. 0. 0. 0. 0. 0.]
 [0. 0. 0. 1. 0. 0. 0.]
 [0. 0. 1. 2. 0. 0. 0.]
 [0. 0. 2. 1. 0. 0. 0.]
 [0. 0. 1. 2. 2. 0. 0.]
 [0. 0. 1. 1. 2. 0. 0.]]


[[0. 0. 0. 0. 0. 0. 0.]
 [0. 0. 0. 1. 0. 0. 0.]
 [0. 0. 1. 2. 0. 0. 0.]
 [0. 0. 2. 1. 0. 0. 0.]
 [0. 0. 1. 2. 2. 0. 0.]
 [0. 2. 1. 1. 2. 0. 0.]]


[[0. 0. 0. 0. 0. 0. 0.]
 [0. 0. 1. 1. 0. 0. 0.]
 [0. 0. 1. 2. 0. 0. 0.]
 [0. 0. 2. 1. 0. 0. 0.]
 [0. 0. 1. 2. 2. 0. 0.]
 [0. 2. 1. 1. 2. 0. 0.]]


[[0. 0. 0. 0. 0. 0. 0.]
 [0. 0. 1. 1. 0. 0. 0.]
 [0. 0. 1. 2. 0. 0. 0.]
 [0. 0. 2. 1. 0. 0. 0.]
 [0. 2. 1. 2. 2. 0. 0.]
 [0. 2. 1. 1. 2. 0. 0.]]


[[0. 0. 0. 0. 0. 0. 0.]
 [0. 0. 1. 1. 0. 0. 0.]
 [0. 0. 1. 2. 0. 0. 0.]
 [0. 1. 2. 1. 0. 0. 0.]
 [0. 2. 1. 2. 2. 0. 0.]
 [0. 2. 1. 1. 2. 0. 0.]]


[[0. 0. 0. 0. 0. 0. 0.]
 [0. 0. 1. 1. 0. 0. 0.]
 [0. 0. 1. 2. 0. 0. 0.]
 [0. 1. 2. 1. 0. 0. 0.]
 [0. 2. 1. 2. 2. 0. 0.]
 [2. 2. 1. 1. 2. 0. 0.]]


Player Daniel/Lucas is the winner!
Sushi vs Cheddar Player
[[0. 0. 0. 0. 0. 0. 0.]
 [0. 0. 0. 0. 0. 0. 0.]
 [0. 0. 0. 0. 0. 0. 0.]
 [0. 0. 0. 0. 0. 0. 0.]
 [0. 0. 0. 0. 0. 0. 0.]
 [0. 0. 0. 1. 0. 0. 0.]]


[[0. 0. 0. 0. 0. 0. 0.]
 [0. 0. 0. 0. 0. 0. 0.]
 [0. 0. 0. 0. 0. 0. 0.]
 [0. 0. 0. 0. 0. 0. 0.]
 [0. 0. 0. 0. 0. 0. 0.]
 [0. 0. 2. 1. 0. 0. 0.]]


[[0. 0. 0. 0. 0. 0. 0.]
 [0. 0. 0. 0. 0. 0. 0.]
 [0. 0. 0. 0. 0. 0. 0.]
 [0. 0. 0. 0. 0. 0. 0.]
 [0. 0. 0. 1. 0. 0. 0.]
 [0. 0. 2. 1. 0. 0. 0.]]


[[0. 0. 0. 0. 0. 0. 0.]
 [0. 0. 0. 0. 0. 0. 0.]
 [0. 0. 0. 0. 0. 0. 0.]
 [0. 0. 0. 0. 0. 0. 0.]
 [0. 0. 0. 1. 0. 0. 0.]
 [0. 0. 2. 1. 2. 0. 0.]]


[[0. 0. 0. 0. 0. 0. 0.]
 [0. 0. 0. 0. 0. 0. 0.]
 [0. 0. 0. 0. 0. 0. 0.]
 [0. 0. 0. 0. 0. 0. 0.]
 [0. 0. 1. 1. 0. 0. 0.]
 [0. 0. 2. 1. 2. 0. 0.]]


[[0. 0. 0. 0. 0. 0. 0.]
 [0. 0. 0. 0. 0. 0. 0.]
 [0. 0. 0. 0. 0. 0. 0.]
 [0. 0. 0. 0. 0. 0. 0.]
 [0. 0. 1. 1. 0. 0. 0.]
 [2. 0. 2. 1. 2. 0. 0.]]


[[0. 0. 0. 0. 0. 0. 0.]
 [0. 0. 0. 0. 0. 0. 0.]
 [0. 0. 0. 0. 0. 0. 0.]
 [0. 0. 0. 1. 0. 0. 0.]
 [0. 0. 1. 1. 0. 0. 0.]
 [2. 0. 2. 1. 2. 0. 0.]]


[[0. 0. 0. 0. 0. 0. 0.]
 [0. 0. 0. 0. 0. 0. 0.]
 [0. 0. 0. 0. 0. 0. 0.]
 [0. 0. 0. 1. 0. 0. 0.]
 [2. 0. 1. 1. 0. 0. 0.]
 [2. 0. 2. 1. 2. 0. 0.]]


[[0. 0. 0. 0. 0. 0. 0.]
 [0. 0. 0. 0. 0. 0. 0.]
 [0. 0. 0. 1. 0. 0. 0.]
 [0. 0. 0. 1. 0. 0. 0.]
 [2. 0. 1. 1. 0. 0. 0.]
 [2. 0. 2. 1. 2. 0. 0.]]


Player Sushi is the winner!
Allan vs Cheddar Player
[[0. 0. 0. 0. 0. 0. 0.]
 [0. 0. 0. 0. 0. 0. 0.]
 [0. 0. 0. 0. 0. 0. 0.]
 [0. 0. 0. 0. 0. 0. 0.]
 [0. 0. 0. 0. 0. 0. 0.]
 [0. 0. 1. 0. 0. 0. 0.]]


[[0. 0. 0. 0. 0. 0. 0.]
 [0. 0. 0. 0. 0. 0. 0.]
 [0. 0. 0. 0. 0. 0. 0.]
 [0. 0. 0. 0. 0. 0. 0.]
 [0. 0. 0. 0. 0. 0. 0.]
 [0. 2. 1. 0. 0. 0. 0.]]


[[0. 0. 0. 0. 0. 0. 0.]
 [0. 0. 0. 0. 0. 0. 0.]
 [0. 0. 0. 0. 0. 0. 0.]
 [0. 0. 0. 0. 0. 0. 0.]
 [0. 0. 1. 0. 0. 0. 0.]
 [0. 2. 1. 0. 0. 0. 0.]]


[[0. 0. 0. 0. 0. 0. 0.]
 [0. 0. 0. 0. 0. 0. 0.]
 [0. 0. 0. 0. 0. 0. 0.]
 [0. 0. 0. 0. 0. 0. 0.]
 [0. 0. 1. 0. 0. 0. 0.]
 [0. 2. 1. 2. 0. 0. 0.]]


[[0. 0. 0. 0. 0. 0. 0.]
 [0. 0. 0. 0. 0. 0. 0.]
 [0. 0. 0. 0. 0. 0. 0.]
 [0. 0. 1. 0. 0. 0. 0.]
 [0. 0. 1. 0. 0. 0. 0.]
 [0. 2. 1. 2. 0. 0. 0.]]


[[0. 0. 0. 0. 0. 0. 0.]
 [0. 0. 0. 0. 0. 0. 0.]
 [0. 0. 0. 0. 0. 0. 0.]
 [0. 0. 1. 0. 0. 0. 0.]
 [0. 0. 1. 0. 0. 0. 0.]
 [2. 2. 1. 2. 0. 0. 0.]]


[[0. 0. 0. 0. 0. 0. 0.]
 [0. 0. 0. 0. 0. 0. 0.]
 [0. 0. 0. 0. 0. 0. 0.]
 [0. 0. 1. 0. 0. 0. 0.]
 [1. 0. 1. 0. 0. 0. 0.]
 [2. 2. 1. 2. 0. 0. 0.]]


[[0. 0. 0. 0. 0. 0. 0.]
 [0. 0. 0. 0. 0. 0. 0.]
 [0. 0. 0. 0. 0. 0. 0.]
 [2. 0. 1. 0. 0. 0. 0.]
 [1. 0. 1. 0. 0. 0. 0.]
 [2. 2. 1. 2. 0. 0. 0.]]


[[0. 0. 0. 0. 0. 0. 0.]
 [0. 0. 0. 0. 0. 0. 0.]
 [1. 0. 0. 0. 0. 0. 0.]
 [2. 0. 1. 0. 0. 0. 0.]
 [1. 0. 1. 0. 0. 0. 0.]
 [2. 2. 1. 2. 0. 0. 0.]]


[[0. 0. 0. 0. 0. 0. 0.]
 [2. 0. 0. 0. 0. 0. 0.]
 [1. 0. 0. 0. 0. 0. 0.]
 [2. 0. 1. 0. 0. 0. 0.]
 [1. 0. 1. 0. 0. 0. 0.]
 [2. 2. 1. 2. 0. 0. 0.]]


[[1. 0. 0. 0. 0. 0. 0.]
 [2. 0. 0. 0. 0. 0. 0.]
 [1. 0. 0. 0. 0. 0. 0.]
 [2. 0. 1. 0. 0. 0. 0.]
 [1. 0. 1. 0. 0. 0. 0.]
 [2. 2. 1. 2. 0. 0. 0.]]


[[1. 0. 0. 0. 0. 0. 0.]
 [2. 0. 0. 0. 0. 0. 0.]
 [1. 0. 0. 0. 0. 0. 0.]
 [2. 0. 1. 0. 0. 0. 0.]
 [1. 2. 1. 0. 0. 0. 0.]
 [2. 2. 1. 2. 0. 0. 0.]]


[[1. 0. 0. 0. 0. 0. 0.]
 [2. 0. 0. 0. 0. 0. 0.]
 [1. 0. 0. 0. 0. 0. 0.]
 [2. 1. 1. 0. 0. 0. 0.]
 [1. 2. 1. 0. 0. 0. 0.]
 [2. 2. 1. 2. 0. 0. 0.]]


[[1. 0. 0. 0. 0. 0. 0.]
 [2. 0. 0. 0. 0. 0. 0.]
 [1. 2. 0. 0. 0. 0. 0.]
 [2. 1. 1. 0. 0. 0. 0.]
 [1. 2. 1. 0. 0. 0. 0.]
 [2. 2. 1. 2. 0. 0. 0.]]


[[1. 0. 0. 0. 0. 0. 0.]
 [2. 1. 0. 0. 0. 0. 0.]
 [1. 2. 0. 0. 0. 0. 0.]
 [2. 1. 1. 0. 0. 0. 0.]
 [1. 2. 1. 0. 0. 0. 0.]
 [2. 2. 1. 2. 0. 0. 0.]]


[[1. 2. 0. 0. 0. 0. 0.]
 [2. 1. 0. 0. 0. 0. 0.]
 [1. 2. 0. 0. 0. 0. 0.]
 [2. 1. 1. 0. 0. 0. 0.]
 [1. 2. 1. 0. 0. 0. 0.]
 [2. 2. 1. 2. 0. 0. 0.]]


[[1. 2. 0. 0. 0. 0. 0.]
 [2. 1. 0. 0. 0. 0. 0.]
 [1. 2. 1. 0. 0. 0. 0.]
 [2. 1. 1. 0. 0. 0. 0.]
 [1. 2. 1. 0. 0. 0. 0.]
 [2. 2. 1. 2. 0. 0. 0.]]


Player Allan is the winner!
Bru_Jose vs Cheddar Player
[[0. 0. 0. 0. 0. 0. 0.]
 [0. 0. 0. 0. 0. 0. 0.]
 [0. 0. 0. 0. 0. 0. 0.]
 [0. 0. 0. 0. 0. 0. 0.]
 [0. 0. 0. 0. 0. 0. 0.]
 [0. 0. 0. 1. 0. 0. 0.]]


[[0. 0. 0. 0. 0. 0. 0.]
 [0. 0. 0. 0. 0. 0. 0.]
 [0. 0. 0. 0. 0. 0. 0.]
 [0. 0. 0. 0. 0. 0. 0.]
 [0. 0. 0. 0. 0. 0. 0.]
 [0. 0. 2. 1. 0. 0. 0.]]


[[0. 0. 0. 0. 0. 0. 0.]
 [0. 0. 0. 0. 0. 0. 0.]
 [0. 0. 0. 0. 0. 0. 0.]
 [0. 0. 0. 0. 0. 0. 0.]
 [0. 0. 0. 1. 0. 0. 0.]
 [0. 0. 2. 1. 0. 0. 0.]]


[[0. 0. 0. 0. 0. 0. 0.]
 [0. 0. 0. 0. 0. 0. 0.]
 [0. 0. 0. 0. 0. 0. 0.]
 [0. 0. 0. 0. 0. 0. 0.]
 [0. 0. 0. 1. 0. 0. 0.]
 [0. 0. 2. 1. 2. 0. 0.]]


[[0. 0. 0. 0. 0. 0. 0.]
 [0. 0. 0. 0. 0. 0. 0.]
 [0. 0. 0. 0. 0. 0. 0.]
 [0. 0. 0. 0. 0. 0. 0.]
 [0. 0. 1. 1. 0. 0. 0.]
 [0. 0. 2. 1. 2. 0. 0.]]


[[0. 0. 0. 0. 0. 0. 0.]
 [0. 0. 0. 0. 0. 0. 0.]
 [0. 0. 0. 0. 0. 0. 0.]
 [0. 0. 0. 0. 0. 0. 0.]
 [0. 0. 1. 1. 0. 0. 0.]
 [2. 0. 2. 1. 2. 0. 0.]]


[[0. 0. 0. 0. 0. 0. 0.]
 [0. 0. 0. 0. 0. 0. 0.]
 [0. 0. 0. 0. 0. 0. 0.]
 [0. 0. 0. 1. 0. 0. 0.]
 [0. 0. 1. 1. 0. 0. 0.]
 [2. 0. 2. 1. 2. 0. 0.]]


[[0. 0. 0. 0. 0. 0. 0.]
 [0. 0. 0. 0. 0. 0. 0.]
 [0. 0. 0. 0. 0. 0. 0.]
 [0. 0. 0. 1. 0. 0. 0.]
 [2. 0. 1. 1. 0. 0. 0.]
 [2. 0. 2. 1. 2. 0. 0.]]


[[0. 0. 0. 0. 0. 0. 0.]
 [0. 0. 0. 0. 0. 0. 0.]
 [0. 0. 0. 1. 0. 0. 0.]
 [0. 0. 0. 1. 0. 0. 0.]
 [2. 0. 1. 1. 0. 0. 0.]
 [2. 0. 2. 1. 2. 0. 0.]]


Player Bru_Jose is the winner!
Allan vs Sushi
[[0. 0. 0. 0. 0. 0. 0.]
 [0. 0. 0. 0. 0. 0. 0.]
 [0. 0. 0. 0. 0. 0. 0.]
 [0. 0. 0. 0. 0. 0. 0.]
 [0. 0. 0. 0. 0. 0. 0.]
 [0. 0. 1. 0. 0. 0. 0.]]


[[0. 0. 0. 0. 0. 0. 0.]
 [0. 0. 0. 0. 0. 0. 0.]
 [0. 0. 0. 0. 0. 0. 0.]
 [0. 0. 0. 0. 0. 0. 0.]
 [0. 0. 0. 0. 0. 0. 0.]
 [0. 0. 1. 2. 0. 0. 0.]]


[[0. 0. 0. 0. 0. 0. 0.]
 [0. 0. 0. 0. 0. 0. 0.]
 [0. 0. 0. 0. 0. 0. 0.]
 [0. 0. 0. 0. 0. 0. 0.]
 [0. 0. 1. 0. 0. 0. 0.]
 [0. 0. 1. 2. 0. 0. 0.]]


[[0. 0. 0. 0. 0. 0. 0.]
 [0. 0. 0. 0. 0. 0. 0.]
 [0. 0. 0. 0. 0. 0. 0.]
 [0. 0. 0. 0. 0. 0. 0.]
 [0. 0. 1. 2. 0. 0. 0.]
 [0. 0. 1. 2. 0. 0. 0.]]


[[0. 0. 0. 0. 0. 0. 0.]
 [0. 0. 0. 0. 0. 0. 0.]
 [0. 0. 0. 0. 0. 0. 0.]
 [0. 0. 1. 0. 0. 0. 0.]
 [0. 0. 1. 2. 0. 0. 0.]
 [0. 0. 1. 2. 0. 0. 0.]]


[[0. 0. 0. 0. 0. 0. 0.]
 [0. 0. 0. 0. 0. 0. 0.]
 [0. 0. 2. 0. 0. 0. 0.]
 [0. 0. 1. 0. 0. 0. 0.]
 [0. 0. 1. 2. 0. 0. 0.]
 [0. 0. 1. 2. 0. 0. 0.]]


[[0. 0. 0. 0. 0. 0. 0.]
 [0. 0. 0. 0. 0. 0. 0.]
 [0. 0. 2. 0. 0. 0. 0.]
 [0. 0. 1. 1. 0. 0. 0.]
 [0. 0. 1. 2. 0. 0. 0.]
 [0. 0. 1. 2. 0. 0. 0.]]


[[0. 0. 0. 0. 0. 0. 0.]
 [0. 0. 0. 0. 0. 0. 0.]
 [0. 0. 2. 2. 0. 0. 0.]
 [0. 0. 1. 1. 0. 0. 0.]
 [0. 0. 1. 2. 0. 0. 0.]
 [0. 0. 1. 2. 0. 0. 0.]]


[[0. 0. 0. 0. 0. 0. 0.]
 [0. 0. 0. 0. 0. 0. 0.]
 [0. 0. 2. 2. 0. 0. 0.]
 [0. 0. 1. 1. 0. 0. 0.]
 [0. 0. 1. 2. 0. 0. 0.]
 [0. 1. 1. 2. 0. 0. 0.]]


[[0. 0. 0. 0. 0. 0. 0.]
 [0. 0. 0. 2. 0. 0. 0.]
 [0. 0. 2. 2. 0. 0. 0.]
 [0. 0. 1. 1. 0. 0. 0.]
 [0. 0. 1. 2. 0. 0. 0.]
 [0. 1. 1. 2. 0. 0. 0.]]


[[0. 0. 0. 0. 0. 0. 0.]
 [0. 0. 0. 2. 0. 0. 0.]
 [0. 0. 2. 2. 0. 0. 0.]
 [0. 0. 1. 1. 0. 0. 0.]
 [0. 1. 1. 2. 0. 0. 0.]
 [0. 1. 1. 2. 0. 0. 0.]]


[[0. 0. 0. 2. 0. 0. 0.]
 [0. 0. 0. 2. 0. 0. 0.]
 [0. 0. 2. 2. 0. 0. 0.]
 [0. 0. 1. 1. 0. 0. 0.]
 [0. 1. 1. 2. 0. 0. 0.]
 [0. 1. 1. 2. 0. 0. 0.]]


[[0. 0. 0. 2. 0. 0. 0.]
 [0. 0. 0. 2. 0. 0. 0.]
 [0. 0. 2. 2. 0. 0. 0.]
 [0. 1. 1. 1. 0. 0. 0.]
 [0. 1. 1. 2. 0. 0. 0.]
 [0. 1. 1. 2. 0. 0. 0.]]


[[0. 0. 0. 2. 0. 0. 0.]
 [0. 0. 0. 2. 0. 0. 0.]
 [0. 2. 2. 2. 0. 0. 0.]
 [0. 1. 1. 1. 0. 0. 0.]
 [0. 1. 1. 2. 0. 0. 0.]
 [0. 1. 1. 2. 0. 0. 0.]]


[[0. 0. 0. 2. 0. 0. 0.]
 [0. 0. 0. 2. 0. 0. 0.]
 [0. 2. 2. 2. 0. 0. 0.]
 [0. 1. 1. 1. 0. 0. 0.]
 [0. 1. 1. 2. 0. 0. 0.]
 [1. 1. 1. 2. 0. 0. 0.]]


[[0. 0. 0. 2. 0. 0. 0.]
 [0. 0. 2. 2. 0. 0. 0.]
 [0. 2. 2. 2. 0. 0. 0.]
 [0. 1. 1. 1. 0. 0. 0.]
 [0. 1. 1. 2. 0. 0. 0.]
 [1. 1. 1. 2. 0. 0. 0.]]


[[0. 0. 0. 2. 0. 0. 0.]
 [0. 0. 2. 2. 0. 0. 0.]
 [0. 2. 2. 2. 0. 0. 0.]
 [0. 1. 1. 1. 0. 0. 0.]
 [1. 1. 1. 2. 0. 0. 0.]
 [1. 1. 1. 2. 0. 0. 0.]]


[[0. 0. 0. 2. 0. 0. 0.]
 [0. 0. 2. 2. 0. 0. 0.]
 [0. 2. 2. 2. 0. 0. 0.]
 [2. 1. 1. 1. 0. 0. 0.]
 [1. 1. 1. 2. 0. 0. 0.]
 [1. 1. 1. 2. 0. 0. 0.]]


Player Sushi is the winner!
Bru_Jose vs Sushi
[[0. 0. 0. 0. 0. 0. 0.]
 [0. 0. 0. 0. 0. 0. 0.]
 [0. 0. 0. 0. 0. 0. 0.]
 [0. 0. 0. 0. 0. 0. 0.]
 [0. 0. 0. 0. 0. 0. 0.]
 [0. 0. 0. 1. 0. 0. 0.]]


[[0. 0. 0. 0. 0. 0. 0.]
 [0. 0. 0. 0. 0. 0. 0.]
 [0. 0. 0. 0. 0. 0. 0.]
 [0. 0. 0. 0. 0. 0. 0.]
 [0. 0. 0. 2. 0. 0. 0.]
 [0. 0. 0. 1. 0. 0. 0.]]


[[0. 0. 0. 0. 0. 0. 0.]
 [0. 0. 0. 0. 0. 0. 0.]
 [0. 0. 0. 0. 0. 0. 0.]
 [0. 0. 0. 0. 0. 0. 0.]
 [0. 0. 0. 2. 0. 0. 0.]
 [0. 0. 1. 1. 0. 0. 0.]]


[[0. 0. 0. 0. 0. 0. 0.]
 [0. 0. 0. 0. 0. 0. 0.]
 [0. 0. 0. 0. 0. 0. 0.]
 [0. 0. 0. 2. 0. 0. 0.]
 [0. 0. 0. 2. 0. 0. 0.]
 [0. 0. 1. 1. 0. 0. 0.]]


[[0. 0. 0. 0. 0. 0. 0.]
 [0. 0. 0. 0. 0. 0. 0.]
 [0. 0. 0. 0. 0. 0. 0.]
 [0. 0. 0. 2. 0. 0. 0.]
 [0. 0. 0. 2. 0. 0. 0.]
 [0. 0. 1. 1. 1. 0. 0.]]


[[0. 0. 0. 0. 0. 0. 0.]
 [0. 0. 0. 0. 0. 0. 0.]
 [0. 0. 0. 0. 0. 0. 0.]
 [0. 0. 0. 2. 0. 0. 0.]
 [0. 0. 0. 2. 0. 0. 0.]
 [0. 2. 1. 1. 1. 0. 0.]]


[[0. 0. 0. 0. 0. 0. 0.]
 [0. 0. 0. 0. 0. 0. 0.]
 [0. 0. 0. 0. 0. 0. 0.]
 [0. 0. 0. 2. 0. 0. 0.]
 [0. 0. 0. 2. 0. 0. 0.]
 [0. 2. 1. 1. 1. 1. 0.]]


Player Bru_Jose is the winner!
Bru_Jose vs Allan
[[0. 0. 0. 0. 0. 0. 0.]
 [0. 0. 0. 0. 0. 0. 0.]
 [0. 0. 0. 0. 0. 0. 0.]
 [0. 0. 0. 0. 0. 0. 0.]
 [0. 0. 0. 0. 0. 0. 0.]
 [0. 0. 0. 1. 0. 0. 0.]]


[[0. 0. 0. 0. 0. 0. 0.]
 [0. 0. 0. 0. 0. 0. 0.]
 [0. 0. 0. 0. 0. 0. 0.]
 [0. 0. 0. 0. 0. 0. 0.]
 [0. 0. 0. 0. 0. 0. 0.]
 [0. 0. 2. 1. 0. 0. 0.]]


[[0. 0. 0. 0. 0. 0. 0.]
 [0. 0. 0. 0. 0. 0. 0.]
 [0. 0. 0. 0. 0. 0. 0.]
 [0. 0. 0. 0. 0. 0. 0.]
 [0. 0. 0. 1. 0. 0. 0.]
 [0. 0. 2. 1. 0. 0. 0.]]


[[0. 0. 0. 0. 0. 0. 0.]
 [0. 0. 0. 0. 0. 0. 0.]
 [0. 0. 0. 0. 0. 0. 0.]
 [0. 0. 0. 0. 0. 0. 0.]
 [0. 0. 2. 1. 0. 0. 0.]
 [0. 0. 2. 1. 0. 0. 0.]]


[[0. 0. 0. 0. 0. 0. 0.]
 [0. 0. 0. 0. 0. 0. 0.]
 [0. 0. 0. 0. 0. 0. 0.]
 [0. 0. 0. 1. 0. 0. 0.]
 [0. 0. 2. 1. 0. 0. 0.]
 [0. 0. 2. 1. 0. 0. 0.]]


[[0. 0. 0. 0. 0. 0. 0.]
 [0. 0. 0. 0. 0. 0. 0.]
 [0. 0. 0. 2. 0. 0. 0.]
 [0. 0. 0. 1. 0. 0. 0.]
 [0. 0. 2. 1. 0. 0. 0.]
 [0. 0. 2. 1. 0. 0. 0.]]


[[0. 0. 0. 0. 0. 0. 0.]
 [0. 0. 0. 0. 0. 0. 0.]
 [0. 0. 0. 2. 0. 0. 0.]
 [0. 0. 1. 1. 0. 0. 0.]
 [0. 0. 2. 1. 0. 0. 0.]
 [0. 0. 2. 1. 0. 0. 0.]]


[[0. 0. 0. 0. 0. 0. 0.]
 [0. 0. 0. 0. 0. 0. 0.]
 [0. 0. 0. 2. 0. 0. 0.]
 [0. 0. 1. 1. 0. 0. 0.]
 [0. 0. 2. 1. 0. 0. 0.]
 [0. 2. 2. 1. 0. 0. 0.]]


[[0. 0. 0. 0. 0. 0. 0.]
 [0. 0. 0. 0. 0. 0. 0.]
 [0. 0. 1. 2. 0. 0. 0.]
 [0. 0. 1. 1. 0. 0. 0.]
 [0. 0. 2. 1. 0. 0. 0.]
 [0. 2. 2. 1. 0. 0. 0.]]


[[0. 0. 0. 0. 0. 0. 0.]
 [0. 0. 0. 0. 0. 0. 0.]
 [0. 0. 1. 2. 0. 0. 0.]
 [0. 0. 1. 1. 0. 0. 0.]
 [0. 2. 2. 1. 0. 0. 0.]
 [0. 2. 2. 1. 0. 0. 0.]]


[[0. 0. 0. 0. 0. 0. 0.]
 [0. 0. 0. 0. 0. 0. 0.]
 [0. 0. 1. 2. 0. 0. 0.]
 [0. 1. 1. 1. 0. 0. 0.]
 [0. 2. 2. 1. 0. 0. 0.]
 [0. 2. 2. 1. 0. 0. 0.]]


[[0. 0. 0. 0. 0. 0. 0.]
 [0. 0. 0. 0. 0. 0. 0.]
 [0. 0. 1. 2. 0. 0. 0.]
 [0. 1. 1. 1. 0. 0. 0.]
 [0. 2. 2. 1. 0. 0. 0.]
 [2. 2. 2. 1. 0. 0. 0.]]


[[0. 0. 0. 0. 0. 0. 0.]
 [0. 0. 0. 0. 0. 0. 0.]
 [0. 1. 1. 2. 0. 0. 0.]
 [0. 1. 1. 1. 0. 0. 0.]
 [0. 2. 2. 1. 0. 0. 0.]
 [2. 2. 2. 1. 0. 0. 0.]]


[[0. 0. 0. 0. 0. 0. 0.]
 [0. 0. 0. 0. 0. 0. 0.]
 [0. 1. 1. 2. 0. 0. 0.]
 [0. 1. 1. 1. 0. 0. 0.]
 [0. 2. 2. 1. 0. 0. 0.]
 [2. 2. 2. 1. 2. 0. 0.]]


[[0. 0. 0. 0. 0. 0. 0.]
 [0. 0. 0. 0. 0. 0. 0.]
 [0. 1. 1. 2. 0. 0. 0.]
 [0. 1. 1. 1. 0. 0. 0.]
 [0. 2. 2. 1. 1. 0. 0.]
 [2. 2. 2. 1. 2. 0. 0.]]


[[0. 0. 0. 0. 0. 0. 0.]
 [0. 2. 0. 0. 0. 0. 0.]
 [0. 1. 1. 2. 0. 0. 0.]
 [0. 1. 1. 1. 0. 0. 0.]
 [0. 2. 2. 1. 1. 0. 0.]
 [2. 2. 2. 1. 2. 0. 0.]]


[[0. 0. 0. 0. 0. 0. 0.]
 [0. 2. 0. 0. 0. 0. 0.]
 [0. 1. 1. 2. 0. 0. 0.]
 [0. 1. 1. 1. 1. 0. 0.]
 [0. 2. 2. 1. 1. 0. 0.]
 [2. 2. 2. 1. 2. 0. 0.]]


Player Bru_Jose is the winner!
Results:


{'Barth': 3, 'Daniel/Lucas': 10, 'Cheddar Player': 1, 'Sushi': 7, 'Allan': 5, 'Bru_Jose': 4}
